2026/06/21 16:25:29 [INFO] 正在启动 AI题库服务...
2026/06/21 16:25:29 [INFO] 缓存功能已启用，已从 cache.json 加载持久化缓存，失效时间: 86400秒
2026/06/21 16:25:29 [INFO] 服务运行于: http://0.0.0.0:5000
2026/06/21 16:25:49 [INFO] 正在启动 AI题库服务...
2026/06/21 16:25:49 [INFO] 缓存功能已启用，已从 cache.json 加载持久化缓存，失效时间: 86400秒
2026/06/21 16:25:49 [INFO] 服务运行于: http://0.0.0.0:5000
2026/06/21 16:25:56 [INFO] 接收到问题: 'Test Question...' (类型: single)
2026/06/21 16:25:56 [INFO] 从缓存获取答案 (耗时: 0.00秒)
2026/06/21 16:55:01 [INFO] 正在启动 AI题库服务...
2026/06/21 16:55:01 [INFO] 缓存功能已启用，已从 cache.json 加载持久化缓存，失效时间: 86400秒
2026/06/21 16:55:01 [INFO] 服务运行于: http://0.0.0.0:5000
2026/06/21 16:55:32 [INFO] 接收到问题: '立克次体与细菌的主要区别是...' (类型: single)
2026/06/21 16:55:36 [INFO] 问题处理完成 (耗时: 4.48秒)
2026/06/21 16:55:40 [INFO] 接收到问题: '立克次体与病毒的相同点是...' (类型: single)
2026/06/21 16:55:47 [INFO] 问题处理完成 (耗时: 7.84秒)
2026/06/21 16:55:51 [INFO] 接收到问题: '以下哪种为严格细胞内寄生的病原体...' (类型: single)
2026/06/21 16:55:55 [INFO] 问题处理完成 (耗时: 3.94秒)
2026/06/21 16:55:58 [INFO] 接收到问题: '与立克次体有共同抗原成分的细菌是...' (类型: single)
2026/06/21 16:56:00 [INFO] 问题处理完成 (耗时: 2.45秒)
2026/06/21 16:56:03 [INFO] 接收到问题: '由立克次体引起的疾病是...' (类型: single)
2026/06/21 16:56:07 [INFO] 问题处理完成 (耗时: 3.94秒)
2026/06/21 16:56:10 [INFO] 接收到问题: '协助诊断恙虫病可用...' (类型: single)
2026/06/21 16:56:13 [INFO] 问题处理完成 (耗时: 2.77秒)
2026/06/21 16:56:16 [INFO] 接收到问题: '以人虱为传播媒介的立克次体是...' (类型: single)
2026/06/21 16:56:20 [INFO] 问题处理完成 (耗时: 3.91秒)
2026/06/21 16:56:23 [INFO] 接收到问题: '以鼠类为储存宿主的病原体是...' (类型: single)
2026/06/21 16:56:25 [INFO] 问题处理完成 (耗时: 1.97秒)
2026/06/21 16:56:28 [INFO] 接收到问题: '某患者有丛林接触史，突发高热，用变形杆菌OXK与患者血清进行外斐反应，抗体效价为1∶320，该患者可...' (类型: single)
2026/06/21 16:56:31 [INFO] 问题处理完成 (耗时: 2.53秒)
2026/06/21 16:56:34 [INFO] 接收到问题: '立克次体致病性错误的是...' (类型: single)
2026/06/21 16:56:39 [INFO] 问题处理完成 (耗时: 5.09秒)
2026/06/21 16:56:42 [INFO] 接收到问题: '普氏立克次体主要引起哪种疾病...' (类型: single)
2026/06/21 16:56:43 [INFO] 问题处理完成 (耗时: 1.34秒)
2026/06/21 16:56:47 [INFO] 接收到问题: '普氏立克次体的储存宿主是...' (类型: single)
2026/06/21 16:56:50 [INFO] 问题处理完成 (耗时: 3.02秒)
2026/06/21 16:56:53 [INFO] 接收到问题: '流行性斑疹伤寒错误的是...' (类型: single)
2026/06/21 16:56:57 [INFO] 问题处理完成 (耗时: 4.40秒)
2026/06/21 16:57:00 [INFO] 接收到问题: '斑疹伤寒立克次体的传染源是...' (类型: single)
2026/06/21 16:57:02 [INFO] 问题处理完成 (耗时: 1.81秒)
2026/06/21 16:57:05 [INFO] 接收到问题: '可与地方性斑疹伤寒患者血清发生凝集的变形杆菌菌株是...' (类型: single)
2026/06/21 16:57:08 [INFO] 问题处理完成 (耗时: 3.35秒)
2026/06/21 16:57:12 [INFO] 接收到问题: '关于立克次体，下列叙述哪些正确...' (类型: multiple)
2026/06/21 16:57:18 [INFO] 问题处理完成 (耗时: 6.16秒)
2026/06/21 16:57:21 [INFO] 接收到问题: '关于外斐反应的叙述，下列哪些是正确的...' (类型: multiple)
2026/06/21 16:57:26 [INFO] 问题处理完成 (耗时: 4.88秒)
2026/06/21 16:57:29 [INFO] 接收到问题: '可以用磺胺类药物治疗立克次体感染。...' (类型: judgement)
2026/06/21 16:57:31 [INFO] 问题处理完成 (耗时: 2.08秒)
2026/06/21 16:57:34 [INFO] 接收到问题: '恙虫病东方体可经恙螨的卵传代，恙螨是恙虫病东方体的储存宿主。...' (类型: judgement)
2026/06/21 16:57:37 [INFO] 问题处理完成 (耗时: 3.15秒)
2026/06/21 16:57:40 [INFO] 接收到问题: '黑色焦痂是恙虫病的临床表现特征之一。...' (类型: judgement)
2026/06/21 16:57:42 [INFO] 问题处理完成 (耗时: 2.15秒)
2026/06/21 16:58:06 [INFO] 接收到问题: '以下哪种微生物具有独特的发育周期...' (类型: single)
2026/06/21 16:58:08 [INFO] 问题处理完成 (耗时: 1.77秒)
2026/06/21 16:58:11 [INFO] 接收到问题: '衣原体发育周期的描述错误的是...' (类型: single)
2026/06/21 16:58:13 [INFO] 问题处理完成 (耗时: 2.58秒)
2026/06/21 16:58:17 [INFO] 接收到问题: '以下哪项不用于衣原体的培养...' (类型: single)
2026/06/21 16:58:20 [INFO] 问题处理完成 (耗时: 2.96秒)
2026/06/21 16:58:23 [INFO] 接收到问题: '沙眼衣原体引起的疾病不包括...' (类型: single)
2026/06/21 16:58:24 [INFO] 问题处理完成 (耗时: 1.47秒)
2026/06/21 16:58:27 [INFO] 接收到问题: '沙眼衣原体致病性正确的是...' (类型: single)
2026/06/21 16:58:34 [INFO] 问题处理完成 (耗时: 6.34秒)
2026/06/21 16:58:37 [INFO] 接收到问题: '衣原体与细菌的不同点是...' (类型: single)
2026/06/21 16:58:44 [INFO] 问题处理完成 (耗时: 7.19秒)
2026/06/21 16:58:47 [INFO] 接收到问题: '衣原体与病毒的不同点是...' (类型: single)
2026/06/21 16:58:55 [INFO] 问题处理完成 (耗时: 7.92秒)
2026/06/21 16:58:58 [INFO] 接收到问题: '衣原体原体的特性错误的是...' (类型: single)
2026/06/21 16:59:02 [INFO] 问题处理完成 (耗时: 3.68秒)
2026/06/21 16:59:05 [INFO] 接收到问题: '衣原体细胞外的感染型是...' (类型: single)
2026/06/21 16:59:10 [INFO] 问题处理完成 (耗时: 5.54秒)
2026/06/21 16:59:13 [INFO] 接收到问题: '衣原体在细胞内的繁殖型是...' (类型: single)
2026/06/21 16:59:19 [INFO] 问题处理完成 (耗时: 5.65秒)
2026/06/21 16:59:22 [INFO] 接收到问题: '关于衣原体生长繁殖的特点，下列哪些是对的...' (类型: multiple)
2026/06/21 16:59:25 [INFO] 问题处理完成 (耗时: 3.23秒)
2026/06/21 16:59:29 [INFO] 接收到问题: '衣原体有哪些抗原结构...' (类型: multiple)
2026/06/21 16:59:34 [INFO] 问题处理完成 (耗时: 5.18秒)
2026/06/21 16:59:37 [INFO] 接收到问题: '汤非凡是世界上第一个分离出沙眼衣原体的人。...' (类型: judgement)
2026/06/21 16:59:40 [INFO] 问题处理完成 (耗时: 3.23秒)
2026/06/21 16:59:43 [INFO] 接收到问题: 'MOMP是主要外膜蛋白，是衣原体的属特异性抗原。...' (类型: judgement)
2026/06/21 16:59:46 [INFO] 问题处理完成 (耗时: 2.93秒)
2026/06/21 16:59:49 [INFO] 接收到问题: '可通过眼-眼及眼-手-眼方式传播的病原体是沙眼生物型A、B、Ba和C血清型。...' (类型: judgement)
2026/06/21 16:59:51 [INFO] 问题处理完成 (耗时: 1.87秒)
2026/06/21 16:59:54 [INFO] 接收到问题: '肺炎衣原体与冠心病的发生关系密切。...' (类型: judgement)
2026/06/21 17:00:02 [INFO] 问题处理完成 (耗时: 7.35秒)
2026/06/21 17:00:05 [INFO] 接收到问题: '诊断肺炎衣原体感染的“金标准”是MIF法测患者血清中抗原。...' (类型: judgement)
2026/06/21 17:00:08 [INFO] 问题处理完成 (耗时: 3.66秒)
2026/06/21 17:00:11 [INFO] 接收到问题: '沙眼衣原体生殖生物型D~K血清型均不能引起婴幼儿肺炎。...' (类型: judgement)
2026/06/21 17:00:16 [INFO] 问题处理完成 (耗时: 4.11秒)
2026/06/21 17:00:19 [INFO] 接收到问题: '鹦鹉热是由鹦鹉热衣原体引起的一种自然疫源性的疾病。...' (类型: judgement)
2026/06/21 17:00:24 [INFO] 问题处理完成 (耗时: 5.13秒)
2026/06/21 17:00:27 [INFO] 接收到问题: '沙眼衣原体感染后机体可获得牢固的免疫力。...' (类型: judgement)
2026/06/21 17:00:30 [INFO] 问题处理完成 (耗时: 3.04秒)
2026/06/21 17:00:54 [INFO] 接收到问题: '螺旋体与细菌的不同点是...' (类型: single)
2026/06/21 17:01:03 [INFO] 问题处理完成 (耗时: 9.08秒)
2026/06/21 17:01:06 [INFO] 接收到问题: '观察螺旋体最好的方法是...' (类型: single)
2026/06/21 17:01:09 [INFO] 问题处理完成 (耗时: 3.64秒)
2026/06/21 17:01:12 [INFO] 接收到问题: '培养钩端螺旋体的最佳温度是...' (类型: single)
2026/06/21 17:01:15 [INFO] 问题处理完成 (耗时: 2.28秒)
2026/06/21 17:01:18 [INFO] 接收到问题: '目前常用Korthof培养基培养的病原性螺旋体是...' (类型: single)
2026/06/21 17:01:19 [INFO] 问题处理完成 (耗时: 1.56秒)
2026/06/21 17:01:23 [INFO] 接收到问题: '人畜共患的螺旋体病是...' (类型: single)
2026/06/21 17:01:27 [INFO] 问题处理完成 (耗时: 4.90秒)
2026/06/21 17:01:31 [INFO] 接收到问题: '钩端螺旋体的特点错误的是...' (类型: single)
2026/06/21 17:01:35 [INFO] 问题处理完成 (耗时: 4.52秒)
2026/06/21 17:01:38 [INFO] 接收到问题: '钩端螺旋体病的描述错误的是...' (类型: single)
2026/06/21 17:01:42 [INFO] 问题处理完成 (耗时: 4.19秒)
2026/06/21 17:01:45 [INFO] 接收到问题: '法抗力最弱的病原体是...' (类型: single)
2026/06/21 17:01:47 [INFO] 问题处理完成 (耗时: 1.92秒)
2026/06/21 17:01:51 [INFO] 接收到问题: '与梅毒螺旋体特征不符的是...' (类型: single)
2026/06/21 17:01:54 [INFO] 问题处理完成 (耗时: 3.42秒)
2026/06/21 17:01:57 [INFO] 接收到问题: '关于梅毒错误的是...' (类型: single)
2026/06/21 17:02:01 [INFO] 问题处理完成 (耗时: 3.95秒)
2026/06/21 17:02:04 [INFO] 接收到问题: '梅毒患者出现一期临床症状，检查梅毒螺旋体的最适标本是...' (类型: single)
2026/06/21 17:02:07 [INFO] 问题处理完成 (耗时: 2.96秒)
2026/06/21 17:02:10 [INFO] 接收到问题: '梅毒螺旋体致病性的描述错误的是...' (类型: single)
2026/06/21 17:02:13 [INFO] 问题处理完成 (耗时: 2.75秒)
2026/06/21 17:02:16 [INFO] 接收到问题: '属于非密螺旋体抗原试验的是...' (类型: single)
2026/06/21 17:02:20 [INFO] 问题处理完成 (耗时: 3.62秒)
2026/06/21 17:02:23 [INFO] 接收到问题: '莱姆病的传播媒介是...' (类型: single)
2026/06/21 17:02:26 [INFO] 问题处理完成 (耗时: 3.00秒)
2026/06/21 17:02:29 [INFO] 接收到问题: '流行性回归热的传播媒介是...' (类型: single)
2026/06/21 17:02:31 [INFO] 问题处理完成 (耗时: 2.58秒)
2026/06/21 17:02:35 [INFO] 接收到问题: '在感染和流行过程中与鼠类有关的疾病是...' (类型: multiple)
2026/06/21 17:02:38 [INFO] 问题处理完成 (耗时: 3.73秒)
2026/06/21 17:02:41 [INFO] 接收到问题: '下列哪些病原体可引起自然疫源性疾病...' (类型: multiple)
2026/06/21 17:02:45 [INFO] 问题处理完成 (耗时: 3.33秒)
2026/06/21 17:02:48 [INFO] 接收到问题: '梅毒螺旋体能在无生命人工培养基上生长繁殖。...' (类型: judgement)
2026/06/21 17:02:50 [INFO] 问题处理完成 (耗时: 2.00秒)
2026/06/21 17:02:53 [INFO] 接收到问题: '夏日洪水后应重点监控钩端螺旋体病的发生。...' (类型: judgement)
2026/06/21 17:02:56 [INFO] 问题处理完成 (耗时: 3.00秒)
2026/06/21 17:02:59 [INFO] 接收到问题: '梅毒治疗首选青霉素。...' (类型: judgement)
2026/06/21 17:03:02 [INFO] 问题处理完成 (耗时: 3.15秒)
2026/06/21 17:03:26 [INFO] 接收到问题: '病毒的最基本结构为...' (类型: single)
2026/06/21 17:03:28 [INFO] 问题处理完成 (耗时: 1.65秒)
2026/06/21 17:03:31 [INFO] 接收到问题: '下列描述病毒的基本性状中, 错误的是...' (类型: single)
2026/06/21 17:03:36 [INFO] 问题处理完成 (耗时: 5.02秒)
2026/06/21 17:03:39 [INFO] 接收到问题: '以"出芽"方式从宿主细胞中释放的是...' (类型: single)
2026/06/21 17:03:45 [INFO] 问题处理完成 (耗时: 6.15秒)
2026/06/21 17:03:48 [INFO] 接收到问题: '关于病毒的概念,错误的是...' (类型: single)
2026/06/21 17:03:54 [INFO] 问题处理完成 (耗时: 6.41秒)
2026/06/21 17:03:58 [INFO] 接收到问题: '病毒在宿主细胞内的复制周期过程,正确的描述是...' (类型: single)
2026/06/21 17:04:01 [INFO] 问题处理完成 (耗时: 3.02秒)
2026/06/21 17:04:04 [INFO] 接收到问题: '测量病毒体大小最可靠的方法是...' (类型: single)
2026/06/21 17:04:07 [INFO] 问题处理完成 (耗时: 2.66秒)
2026/06/21 17:04:10 [INFO] 接收到问题: '关于病毒核酸的描述,错误的是...' (类型: single)
2026/06/21 17:04:13 [INFO] 问题处理完成 (耗时: 3.42秒)
2026/06/21 17:04:16 [INFO] 接收到问题: '可直接作为mRNA翻译蛋白质的病毒核酸类型是...' (类型: single)
2026/06/21 17:04:21 [INFO] 问题处理完成 (耗时: 4.75秒)
2026/06/21 17:04:24 [INFO] 接收到问题: '对病毒包膜的叙述错误的是...' (类型: single)
2026/06/21 17:04:26 [INFO] 问题处理完成 (耗时: 2.17秒)
2026/06/21 17:04:29 [INFO] 接收到问题: '对病毒体特征的叙述错误的是...' (类型: single)
2026/06/21 17:04:34 [INFO] 问题处理完成 (耗时: 4.37秒)
2026/06/21 17:04:37 [INFO] 接收到问题: '与衣壳生物学意义无关的是...' (类型: single)
2026/06/21 17:04:39 [INFO] 问题处理完成 (耗时: 2.65秒)
2026/06/21 17:04:43 [INFO] 接收到问题: '构成病毒核心的化学成分是...' (类型: single)
2026/06/21 17:04:46 [INFO] 问题处理完成 (耗时: 3.69秒)
2026/06/21 17:04:49 [INFO] 接收到问题: '对病毒干扰现象错误的叙述是...' (类型: single)
2026/06/21 17:04:55 [INFO] 问题处理完成 (耗时: 5.90秒)
2026/06/21 17:04:58 [INFO] 接收到问题: '测量病毒大小的常用单位是...' (类型: single)
2026/06/21 17:05:02 [INFO] 问题处理完成 (耗时: 3.70秒)
2026/06/21 17:05:05 [INFO] 接收到问题: '决定病毒传染性的根本因素是...' (类型: single)
2026/06/21 17:05:08 [INFO] 问题处理完成 (耗时: 3.07秒)
2026/06/21 17:05:11 [INFO] 接收到问题: '病毒的增殖方式是...' (类型: single)
2026/06/21 17:05:13 [INFO] 问题处理完成 (耗时: 1.55秒)
2026/06/21 17:05:16 [INFO] 接收到问题: '裸病毒的结构是...' (类型: single)
2026/06/21 17:05:18 [INFO] 问题处理完成 (耗时: 1.91秒)
2026/06/21 17:05:21 [INFO] 接收到问题: '决定病毒遗传特性的是...' (类型: single)
2026/06/21 17:05:25 [INFO] 问题处理完成 (耗时: 3.83秒)
2026/06/21 17:05:28 [INFO] 接收到问题: '保护病毒核酸的结构是...' (类型: single)
2026/06/21 17:05:31 [INFO] 问题处理完成 (耗时: 2.96秒)
2026/06/21 17:05:55 [INFO] 接收到问题: '病毒感染后不出现明显的临床症状称...' (类型: single)
2026/06/21 17:05:57 [INFO] 问题处理完成 (耗时: 2.81秒)
2026/06/21 17:06:02 [INFO] 接收到问题: '抗体对病毒的中和作用主要是...' (类型: single)
2026/06/21 17:06:03 [INFO] 问题处理完成 (耗时: 1.50秒)
2026/06/21 17:06:08 [INFO] 接收到问题: '感染病毒的细胞在胞核或胞浆内存在可着色的斑块状结构称...' (类型: single)
2026/06/21 17:06:10 [INFO] 问题处理完成 (耗时: 2.84秒)
2026/06/21 17:06:15 [INFO] 接收到问题: '有关病毒感染的描述正确的是...' (类型: single)
2026/06/21 17:06:17 [INFO] 问题处理完成 (耗时: 2.86秒)
2026/06/21 17:06:22 [INFO] 接收到问题: '经垂直感染导致畸胎的病毒主要有...' (类型: single)
2026/06/21 17:06:24 [INFO] 问题处理完成 (耗时: 2.74秒)
2026/06/21 17:06:29 [INFO] 接收到问题: '下列病毒性疾病易发生潜伏感染的是...' (类型: single)
2026/06/21 17:06:31 [INFO] 问题处理完成 (耗时: 2.10秒)
2026/06/21 17:06:36 [INFO] 接收到问题: '哪种病毒感染机体不易形成病毒血症...' (类型: single)
2026/06/21 17:06:38 [INFO] 问题处理完成 (耗时: 2.61秒)
2026/06/21 17:06:43 [INFO] 接收到问题: '受病毒感染的细胞被杀伤的机制哪项是错误的...' (类型: single)
2026/06/21 17:06:47 [INFO] 问题处理完成 (耗时: 4.93秒)
2026/06/21 17:06:52 [INFO] 接收到问题: 'γ-IFN主要来源的细胞是...' (类型: single)
2026/06/21 17:06:56 [INFO] 问题处理完成 (耗时: 4.47秒)
2026/06/21 17:07:01 [INFO] 接收到问题: '干扰素抗病毒的特点是...' (类型: single)
2026/06/21 17:07:04 [INFO] 问题处理完成 (耗时: 3.79秒)
2026/06/21 17:07:09 [INFO] 接收到问题: '有关人工主动免疫特点的描述不正确的是...' (类型: single)
2026/06/21 17:07:10 [INFO] 问题处理完成 (耗时: 1.72秒)
2026/06/21 17:07:15 [INFO] 接收到问题: '关于病毒与肿瘤发生的关系,哪项组合是错误的...' (类型: single)
2026/06/21 17:07:17 [INFO] 问题处理完成 (耗时: 2.29秒)
2026/06/21 17:07:22 [INFO] 接收到问题: '与HSV-2关系密切的是...' (类型: single)
2026/06/21 17:07:27 [INFO] 问题处理完成 (耗时: 5.39秒)
2026/06/21 17:07:32 [INFO] 接收到问题: '关于影响病毒致病作用的因素,哪项是错误的...' (类型: single)
2026/06/21 17:07:34 [INFO] 问题处理完成 (耗时: 2.21秒)
2026/06/21 17:07:39 [INFO] 接收到问题: 'α-IFN主要来源的细胞是...' (类型: single)
2026/06/21 17:07:42 [INFO] 问题处理完成 (耗时: 3.81秒)
2026/06/21 17:07:47 [INFO] 接收到问题: '裸病毒常引起...' (类型: single)
2026/06/21 17:07:49 [INFO] 问题处理完成 (耗时: 2.40秒)
2026/06/21 17:07:54 [INFO] 接收到问题: '流感病毒常引起...' (类型: single)
2026/06/21 17:07:55 [INFO] 问题处理完成 (耗时: 1.78秒)
2026/06/21 17:08:00 [INFO] 接收到问题: '病毒感染激活细胞的死亡基因而导致...' (类型: single)
2026/06/21 17:08:01 [INFO] 问题处理完成 (耗时: 1.93秒)
2026/06/21 17:08:07 [INFO] 接收到问题: '病毒DNA与细胞的染色体DNA随机的进行重组可导致...' (类型: single)
2026/06/21 17:08:10 [INFO] 问题处理完成 (耗时: 3.03秒)
2026/06/21 17:08:15 [INFO] 接收到问题: '在光镜下可看到并作为狂犬病毒病毒感染的辅助诊断依据的是...' (类型: single)
2026/06/21 17:08:20 [INFO] 问题处理完成 (耗时: 5.48秒)
2026/06/21 17:10:17 [INFO] 接收到问题: '流行性感冒的病原体是...' (类型: single)
2026/06/21 17:10:19 [INFO] 问题处理完成 (耗时: 2.57秒)
2026/06/21 17:10:24 [INFO] 接收到问题: '普通感冒的最常见病原体是...' (类型: single)
2026/06/21 17:10:26 [INFO] 问题处理完成 (耗时: 2.23秒)
2026/06/21 17:10:31 [INFO] 接收到问题: '2019年末开始流行的新型肺炎的病原体是...' (类型: single)
2026/06/21 17:10:33 [INFO] 问题处理完成 (耗时: 2.33秒)
2026/06/21 17:10:38 [INFO] 接收到问题: '麻疹疫苗的接种对象为...' (类型: single)
2026/06/21 17:10:41 [INFO] 问题处理完成 (耗时: 3.25秒)
2026/06/21 17:10:44 [INFO] 接收到问题: '亚急性硬化性全脑炎(SSPE)是一种由...' (类型: single)
2026/06/21 17:10:45 [INFO] 问题处理完成 (耗时: 1.49秒)
2026/06/21 17:10:48 [INFO] 接收到问题: '流感病毒的分型根据是...' (类型: single)
2026/06/21 17:10:53 [INFO] 问题处理完成 (耗时: 4.33秒)
2026/06/21 17:10:56 [INFO] 接收到问题: '流感病毒哪种成分诱导的抗体保护性最强...' (类型: single)
2026/06/21 17:11:01 [INFO] 问题处理完成 (耗时: 4.93秒)
2026/06/21 17:11:04 [INFO] 接收到问题: '甲型流感病毒分亚型的依据是...' (类型: single)
2026/06/21 17:11:05 [INFO] 问题处理完成 (耗时: 1.32秒)
2026/06/21 17:11:08 [INFO] 接收到问题: '抗原只有一个型别的病毒是...' (类型: single)
2026/06/21 17:11:12 [INFO] 问题处理完成 (耗时: 3.82秒)
2026/06/21 17:11:17 [INFO] 接收到问题: '下列关于流感病毒及其致病性的描述,不正确的一项是...' (类型: single)
2026/06/21 17:11:21 [INFO] 问题处理完成 (耗时: 4.60秒)
2026/06/21 17:11:26 [INFO] 接收到问题: '下列对麻疹的描述中,错误的一项是...' (类型: single)
2026/06/21 17:11:32 [INFO] 问题处理完成 (耗时: 6.55秒)
2026/06/21 17:11:37 [INFO] 接收到问题: '下列对腮腺炎的描述中,错误的一项是...' (类型: single)
2026/06/21 17:11:40 [INFO] 问题处理完成 (耗时: 3.65秒)
2026/06/21 17:11:45 [INFO] 接收到问题: '先天性风疹综合征即胎儿或新生儿患先天性白内障(失明),心脏病,耳聋等缘由孕妇...' (类型: single)
2026/06/21 17:11:48 [INFO] 问题处理完成 (耗时: 3.18秒)
2026/06/21 17:11:53 [INFO] 接收到问题: '为预防风疹和先天性风疹综合征,禁忌接种风疹减毒活疫苗的人群是...' (类型: single)
2026/06/21 17:11:54 [INFO] 问题处理完成 (耗时: 1.38秒)
2026/06/21 17:11:59 [INFO] 接收到问题: '关于流感病毒的特点,哪一项是错误的...' (类型: single)
2026/06/21 17:12:00 [INFO] 问题处理完成 (耗时: 1.72秒)
2026/06/21 17:18:23 [INFO] 接收到问题: '不同疾病过程中共同的、成套的功能、代谢和形态结构的病理改变称为...' (类型: single)
2026/06/21 17:18:30 [INFO] 问题处理完成 (耗时: 7.33秒)
2026/06/21 17:18:33 [INFO] 接收到问题: '病理生理学主要教学任务是讲授...' (类型: single)
2026/06/21 17:18:35 [INFO] 问题处理完成 (耗时: 1.66秒)
2026/06/21 17:18:38 [INFO] 接收到问题: '细胞外液约占成人体重的...' (类型: single)
2026/06/21 17:18:40 [INFO] 问题处理完成 (耗时: 2.69秒)
2026/06/21 17:18:45 [INFO] 接收到问题: '高渗性脱水患者体液丢失的特点是...' (类型: single)
2026/06/21 17:18:47 [INFO] 问题处理完成 (耗时: 2.12秒)
2026/06/21 17:18:52 [INFO] 接收到问题: '严重低渗性脱水易发生...' (类型: single)
2026/06/21 17:18:54 [INFO] 问题处理完成 (耗时: 2.52秒)
2026/06/21 17:18:59 [INFO] 接收到问题: '水中毒最常发生在...' (类型: single)
2026/06/21 17:19:02 [INFO] 问题处理完成 (耗时: 3.97秒)
2026/06/21 17:19:08 [INFO] 接收到问题: '乳腺癌根治术后出现上肢水肿的最主要机制是...' (类型: single)
2026/06/21 17:19:10 [INFO] 问题处理完成 (耗时: 2.51秒)
2026/06/21 17:19:15 [INFO] 接收到问题: '低镁血症时神经肌肉易出现...' (类型: single)
2026/06/21 17:19:16 [INFO] 问题处理完成 (耗时: 1.78秒)
2026/06/21 17:19:21 [INFO] 接收到问题: '轻度低钾血症对心脏的影响是...' (类型: single)
2026/06/21 17:19:26 [INFO] 问题处理完成 (耗时: 5.87秒)
2026/06/21 17:19:31 [INFO] 接收到问题: '引起高钾血症最主要的病因是...' (类型: single)
2026/06/21 17:19:33 [INFO] 问题处理完成 (耗时: 2.24秒)
2026/06/21 17:19:38 [INFO] 接收到问题: '慢性肾功能不全可出现...' (类型: single)
2026/06/21 17:19:40 [INFO] 问题处理完成 (耗时: 2.51秒)
2026/06/21 17:19:45 [INFO] 接收到问题: '高钙血症危象时血清总钙大于...' (类型: single)
2026/06/21 17:19:48 [INFO] 问题处理完成 (耗时: 3.44秒)
2026/06/21 17:19:53 [INFO] 接收到问题: '肾小管性酸中毒一般不会出现...' (类型: single)
2026/06/21 17:19:57 [INFO] 问题处理完成 (耗时: 4.50秒)
2026/06/21 17:20:02 [INFO] 接收到问题: '慢性呼吸性酸中毒时，机体代偿的主要依靠...' (类型: single)
2026/06/21 17:20:04 [INFO] 问题处理完成 (耗时: 2.26秒)
2026/06/21 17:20:08 [INFO] 接收到问题: '严重肾功能衰竭导致AG增高型代谢性酸中毒的主要机制是...' (类型: single)
2026/06/21 17:20:13 [INFO] 问题处理完成 (耗时: 5.82秒)
2026/06/21 17:20:17 [INFO] 接收到问题: '酸中毒时心肌收缩力减弱的机制中，下列哪项错误...' (类型: single)
2026/06/21 17:20:24 [INFO] 问题处理完成 (耗时: 7.77秒)
2026/06/21 17:20:27 [INFO] 接收到问题: '引起急性呼吸性酸中毒的原因，不包括...' (类型: single)
2026/06/21 17:20:33 [INFO] 问题处理完成 (耗时: 5.62秒)
2026/06/21 17:20:36 [INFO] 接收到问题: '关于剧烈呕吐导致代谢性碱中毒的机制分析，下列描述错误的是...' (类型: single)
2026/06/21 17:20:42 [INFO] 问题处理完成 (耗时: 5.62秒)
2026/06/21 17:20:45 [INFO] 接收到问题: '下列关于呼吸性碱中毒的病因，错误的是...' (类型: single)
2026/06/21 17:20:47 [INFO] 问题处理完成 (耗时: 2.50秒)
2026/06/21 17:20:50 [INFO] 接收到问题: '下列哪项关于“缺氧时器官血流重新分布”的叙述是错误的...' (类型: single)
2026/06/21 17:20:57 [INFO] 问题处理完成 (耗时: 6.28秒)
2026/06/21 17:21:00 [INFO] 接收到问题: '血氧容量、动脉血氧分压和血氧含量正常，而动-静脉血氧含量差增大见于...' (类型: single)
2026/06/21 17:21:04 [INFO] 问题处理完成 (耗时: 4.54秒)
2026/06/21 17:21:07 [INFO] 接收到问题: '砒霜中毒导致缺氧的机制是...' (类型: single)
2026/06/21 17:21:12 [INFO] 问题处理完成 (耗时: 4.41秒)
2026/06/21 17:21:16 [INFO] 接收到问题: '下列情况中发生的体温升高属于非调节性体温升高的是...' (类型: single)
2026/06/21 17:21:20 [INFO] 问题处理完成 (耗时: 4.86秒)
2026/06/21 17:21:25 [INFO] 接收到问题: '下列物质属于内生致热原的是...' (类型: single)
2026/06/21 17:21:28 [INFO] 问题处理完成 (耗时: 3.20秒)
2026/06/21 17:21:33 [INFO] 接收到问题: '高温持续期的热代谢特点是...' (类型: single)
2026/06/21 17:21:36 [INFO] 问题处理完成 (耗时: 3.02秒)
2026/06/21 17:21:41 [INFO] 接收到问题: '对于解热措施正确的描述是...' (类型: single)
2026/06/21 17:21:48 [INFO] 问题处理完成 (耗时: 7.39秒)
2026/06/21 17:21:53 [INFO] 接收到问题: '下列关于家族性高胆固醇血症的说法不正确的是...' (类型: single)
2026/06/21 17:21:56 [INFO] 问题处理完成 (耗时: 3.25秒)
2026/06/21 17:22:01 [INFO] 接收到问题: '下列哪种物质未参与酪氨酸蛋白激酶介导的细胞信号转导...' (类型: single)
2026/06/21 17:22:04 [INFO] 问题处理完成 (耗时: 3.29秒)
2026/06/21 17:22:09 [INFO] 接收到问题: '下列有关G蛋白介导的细胞信号转导描述，哪项是正确的...' (类型: single)
2026/06/21 17:22:15 [INFO] 问题处理完成 (耗时: 6.80秒)
2026/06/21 17:22:20 [INFO] 接收到问题: '糖皮质激素、盐皮质激素、性激素等通过以下哪种途径发挥生物学效应...' (类型: single)
2026/06/21 17:22:24 [INFO] 问题处理完成 (耗时: 4.38秒)
2026/06/21 17:22:29 [INFO] 接收到问题: '表皮生长因子通过以下哪条途径影响细胞信号转导...' (类型: single)
2026/06/21 17:22:32 [INFO] 问题处理完成 (耗时: 3.73秒)
2026/06/21 17:22:35 [INFO] 接收到问题: '有关caspase的描述错误的是...' (类型: single)
2026/06/21 17:22:37 [INFO] 问题处理完成 (耗时: 2.07秒)
2026/06/21 17:22:41 [INFO] 接收到问题: '细胞凋亡过度性的疾病有...' (类型: single)
2026/06/21 17:22:44 [INFO] 问题处理完成 (耗时: 3.21秒)
2026/06/21 17:22:47 [INFO] 接收到问题: '与儿童的视网膜母细胞瘤的发生密切相关的基因是...' (类型: single)
2026/06/21 17:22:52 [INFO] 问题处理完成 (耗时: 5.04秒)
2026/06/21 17:22:56 [INFO] 接收到问题: '有关肿瘤细胞恶性增殖与细胞周期调控异常关系描述错误的是...' (类型: single)
2026/06/21 17:23:00 [INFO] 问题处理完成 (耗时: 4.97秒)
2026/06/21 17:23:04 [INFO] 接收到问题: '细胞周期的特点不包括...' (类型: single)
2026/06/21 17:23:06 [INFO] 问题处理完成 (耗时: 2.80秒)
2026/06/21 17:23:10 [INFO] 接收到问题: '应激时心率加快，心肌收缩力加强是因为...' (类型: single)
2026/06/21 17:23:14 [INFO] 问题处理完成 (耗时: 4.78秒)
2026/06/21 17:23:17 [INFO] 接收到问题: '应激性溃疡的发生主要是因为...' (类型: single)
2026/06/21 17:23:19 [INFO] 问题处理完成 (耗时: 1.78秒)
2026/06/21 17:23:22 [INFO] 接收到问题: '各种不同应激源所引起的应激是...' (类型: single)
2026/06/21 17:23:25 [INFO] 问题处理完成 (耗时: 2.71秒)
2026/06/21 17:23:28 [INFO] 接收到问题: '患者严重呼吸道感染入院后检测血浆，下列蛋白质水平中较正常人升高近千倍的是...' (类型: single)
2026/06/21 17:23:36 [INFO] 问题处理完成 (耗时: 7.48秒)
2026/06/21 17:23:39 [INFO] 接收到问题: 'DIC最主要的病理特征是...' (类型: single)
2026/06/21 17:23:41 [INFO] 问题处理完成 (耗时: 2.52秒)
2026/06/21 17:23:44 [INFO] 接收到问题: '血浆鱼精蛋白副凝(3P)试验是检测...' (类型: single)
2026/06/21 17:23:49 [INFO] 问题处理完成 (耗时: 4.58秒)
2026/06/21 17:23:52 [INFO] 接收到问题: '妊娠末期产科意外容易发生DIC的原因主要是...' (类型: single)
2026/06/21 17:23:55 [INFO] 问题处理完成 (耗时: 3.13秒)
2026/06/21 17:23:59 [INFO] 接收到问题: '裂体细胞是指...' (类型: single)
2026/06/21 17:24:19 [INFO] 问题处理完成 (耗时: 20.65秒)
2026/06/21 17:24:23 [INFO] 接收到问题: '休克是...' (类型: single)
2026/06/21 17:24:33 [INFO] 问题处理完成 (耗时: 10.02秒)
2026/06/21 17:24:38 [INFO] 接收到问题: '下列哪项不属于高排低阻型休克的特点...' (类型: single)
2026/06/21 17:24:41 [INFO] 问题处理完成 (耗时: 3.57秒)
2026/06/21 17:24:46 [INFO] 接收到问题: '休克Ⅰ期“自身输血”主要是指...' (类型: single)
2026/06/21 17:24:49 [INFO] 问题处理完成 (耗时: 3.24秒)
2026/06/21 17:24:54 [INFO] 接收到问题: '下列哪型休克易发生DIC...' (类型: single)
2026/06/21 17:24:56 [INFO] 问题处理完成 (耗时: 2.37秒)
2026/06/21 17:25:01 [INFO] 接收到问题: '休克微循环淤血期的主要发生机制是...' (类型: single)
2026/06/21 17:25:04 [INFO] 问题处理完成 (耗时: 3.82秒)
2026/06/21 17:25:09 [INFO] 接收到问题: '休克患者使用血管活性药物时，下列哪项原则是正确的...' (类型: single)
2026/06/21 17:25:12 [INFO] 问题处理完成 (耗时: 3.64秒)
2026/06/21 17:25:17 [INFO] 接收到问题: '女，23岁。因原发性甲状腺功能亢进症在气管内插管全麻下行甲状腺双侧次全切除术。术后清醒拔出气管，2天...' (类型: single)
2026/06/21 17:25:20 [INFO] 问题处理完成 (耗时: 3.88秒)
2026/06/21 17:25:25 [INFO] 接收到问题: '某糖尿病患者，血气分析结果如下:pH 7.30，PaCO2 30 mmol/L，[HCO3-]16 ...' (类型: single)
2026/06/21 17:25:35 [INFO] 问题处理完成 (耗时: 10.06秒)
2026/06/21 17:25:40 [INFO] 接收到问题: '某慢性支气管炎、肺气肿患者，近日因受凉后肺部感染入院。血气分析及电解质检查结果为:pH 7.33，P...' (类型: single)
2026/06/21 17:25:44 [INFO] 问题处理完成 (耗时: 4.19秒)
2026/06/21 17:25:49 [INFO] 接收到问题: '某溺水患者经抢救后，动脉血气分析显示PaO₂为45 mmHg，血氧容量正常，但动脉血氧含量显著降低。...' (类型: single)
2026/06/21 17:25:53 [INFO] 问题处理完成 (耗时: 4.61秒)
2026/06/21 17:25:57 [INFO] 接收到问题: '某患者血氧检查为:PaO2 13.0 kPa(98 mmHg)，血氧容量12 ml/dl，动脉血氧含...' (类型: single)
2026/06/21 17:26:05 [INFO] 问题处理完成 (耗时: 8.04秒)
2026/06/21 17:26:08 [INFO] 接收到问题: '一位高位脊髓损伤的患者突然表现为血压下降，心率减慢，面色苍白，但无出血及心泵功能障碍。其休克发生的始...' (类型: single)
2026/06/21 17:26:10 [INFO] 问题处理完成 (耗时: 2.46秒)
2026/06/21 17:26:13 [INFO] 接收到问题: '一名急性大出血患者出现面色苍白、四肢湿冷、脉搏细速，血压90/60mmHg，尿量减少，但患者神志尚清...' (类型: single)
2026/06/21 17:26:16 [INFO] 问题处理完成 (耗时: 3.07秒)
2026/06/21 17:26:19 [INFO] 接收到问题: '女，28岁。恶心、呕吐、乏力、头晕1周。近2个月体重减轻，皮肤变黑。查体:BP 90/60 mmHg...' (类型: single)
2026/06/21 17:26:27 [INFO] 问题处理完成 (耗时: 7.19秒)
2026/06/21 17:26:30 [INFO] 接收到问题: '该患者可能出现的尿变化...' (类型: single)
2026/06/21 17:26:38 [INFO] 问题处理完成 (耗时: 8.69秒)
2026/06/21 17:26:42 [INFO] 接收到问题: '该患者出现的典型心电图变化...' (类型: single)
2026/06/21 17:26:45 [INFO] 问题处理完成 (耗时: 3.01秒)
2026/06/21 17:26:48 [INFO] 接收到问题: '该患者出现乏力可能与以下什么电解质紊乱有关...' (类型: single)
2026/06/21 17:26:52 [INFO] 问题处理完成 (耗时: 4.86秒)
2026/06/21 17:26:56 [INFO] 接收到问题: '针对患者电解质代谢紊乱以下治疗不恰当是...' (类型: single)
2026/06/21 17:27:01 [INFO] 问题处理完成 (耗时: 5.26秒)
2026/06/21 17:27:04 [INFO] 接收到问题: '低钾血症时可出现...' (类型: single)
2026/06/21 17:27:05 [INFO] 问题处理完成 (耗时: 1.53秒)
2026/06/21 17:27:09 [INFO] 接收到问题: '剧烈腹泻时可出现...' (类型: single)
2026/06/21 17:27:12 [INFO] 问题处理完成 (耗时: 3.37秒)
2026/06/21 17:27:15 [INFO] 接收到问题: '肾小管性酸中毒时可出现...' (类型: single)
2026/06/21 17:27:19 [INFO] 问题处理完成 (耗时: 3.71秒)
2026/06/21 17:27:22 [INFO] 接收到问题: '中枢性尿崩症可出现...' (类型: single)
2026/06/21 17:27:27 [INFO] 问题处理完成 (耗时: 5.05秒)
2026/06/21 17:27:30 [INFO] 接收到问题: '急性肠胃炎短时间内剧烈呕吐，腹泻可出现...' (类型: single)
2026/06/21 17:27:33 [INFO] 问题处理完成 (耗时: 2.66秒)
2026/06/21 17:27:36 [INFO] 接收到问题: '肾病综合症可出现...' (类型: single)
2026/06/21 17:27:39 [INFO] 问题处理完成 (耗时: 3.26秒)
2026/06/21 17:27:42 [INFO] 接收到问题: '一氧化碳中毒时皮肤黏膜颜色...' (类型: single)
2026/06/21 17:27:44 [INFO] 问题处理完成 (耗时: 2.30秒)
2026/06/21 17:27:48 [INFO] 接收到问题: '氰化物中毒时皮肤黏膜颜色...' (类型: single)
2026/06/21 17:27:52 [INFO] 问题处理完成 (耗时: 4.64秒)
2026/06/21 17:27:55 [INFO] 接收到问题: '大叶性肺炎(实变期)皮肤黏膜颜色...' (类型: single)
2026/06/21 17:27:57 [INFO] 问题处理完成 (耗时: 1.39秒)
2026/06/21 17:28:00 [INFO] 接收到问题: '应激时维持心血管系统对儿茶酚胺反应性的激素是...' (类型: single)
2026/06/21 17:28:02 [INFO] 问题处理完成 (耗时: 2.50秒)
2026/06/21 17:28:05 [INFO] 接收到问题: '应激时体内分泌减少的激素是...' (类型: single)
2026/06/21 17:28:09 [INFO] 问题处理完成 (耗时: 3.15秒)
2026/06/21 17:28:12 [INFO] 接收到问题: '应激时参与增强呼吸功能的激素是...' (类型: single)
2026/06/21 17:28:14 [INFO] 问题处理完成 (耗时: 2.67秒)
2026/06/21 17:28:17 [INFO] 接收到问题: '主要始动环节为心泵功能障碍的休克类型是...' (类型: single)
2026/06/21 17:28:20 [INFO] 问题处理完成 (耗时: 2.48秒)
2026/06/21 17:28:23 [INFO] 接收到问题: '大面积烧伤后大量血浆外渗导致的休克属于...' (类型: single)
2026/06/21 17:28:25 [INFO] 问题处理完成 (耗时: 2.40秒)
2026/06/21 17:28:29 [INFO] 接收到问题: '典型的“高排低阻型”休克，常伴温暖皮肤表现的是...' (类型: single)
2026/06/21 17:28:42 [INFO] 问题处理完成 (耗时: 13.28秒)
2026/06/21 17:28:45 [INFO] 接收到问题: '高凝期...' (类型: single)
2026/06/21 17:28:48 [INFO] 问题处理完成 (耗时: 3.52秒)
2026/06/21 17:28:52 [INFO] 接收到问题: '消耗性低凝期...' (类型: single)
2026/06/21 17:28:59 [INFO] 问题处理完成 (耗时: 7.34秒)
2026/06/21 17:29:02 [INFO] 接收到问题: '继发性纤溶亢进期...' (类型: single)
2026/06/21 17:29:18 [INFO] 问题处理完成 (耗时: 15.82秒)
2026/06/21 17:30:02 [INFO] 接收到问题: '机体在分解代谢过程中产生的最多的酸性物质是...' (类型: single)
2026/06/21 17:30:04 [INFO] 问题处理完成 (耗时: 1.87秒)
2026/06/21 17:30:07 [INFO] 接收到问题: '血液PH的高低取决于血浆中...' (类型: single)
2026/06/21 17:30:12 [INFO] 问题处理完成 (耗时: 5.26秒)
2026/06/21 17:30:15 [INFO] 接收到问题: '肾小球滤过的碳酸氢盐被重吸收的主要部位是...' (类型: single)
2026/06/21 17:30:21 [INFO] 问题处理完成 (耗时: 5.19秒)
2026/06/21 17:30:24 [INFO] 接收到问题: '磷酸盐酸化的主要部位是...' (类型: single)
2026/06/21 17:30:31 [INFO] 问题处理完成 (耗时: 7.27秒)
2026/06/21 17:30:55 [INFO] 接收到问题: '代谢性酸中毒时细胞外液[H+]升高,其最常与细胞内哪种离子进行交换...' (类型: single)
2026/06/21 17:30:58 [INFO] 问题处理完成 (耗时: 3.64秒)
2026/06/21 17:31:02 [INFO] 接收到问题: '严重缺氧患者可出现...' (类型: single)
2026/06/21 17:31:05 [INFO] 问题处理完成 (耗时: 3.11秒)
2026/06/21 17:31:08 [INFO] 接收到问题: '长期严重腹泻患者，大量丢失HCO3-可引起...' (类型: single)
2026/06/21 17:31:14 [INFO] 问题处理完成 (耗时: 6.25秒)
2026/06/21 17:31:17 [INFO] 接收到问题: '代谢性酸中毒时肾的主要代偿方式是...' (类型: single)
2026/06/21 17:31:22 [INFO] 问题处理完成 (耗时: 5.31秒)
2026/06/21 17:31:46 [INFO] 接收到问题: '引起代谢性碱中毒的原因不包括...' (类型: single)
2026/06/21 17:31:49 [INFO] 问题处理完成 (耗时: 2.82秒)
2026/06/21 17:31:52 [INFO] 接收到问题: '碱中毒时低钾的主要机制是...' (类型: single)
2026/06/21 17:31:56 [INFO] 问题处理完成 (耗时: 3.80秒)
2026/06/21 17:31:59 [INFO] 接收到问题: '反常性酸性尿可见于...' (类型: single)
2026/06/21 17:32:04 [INFO] 问题处理完成 (耗时: 4.96秒)
2026/06/21 17:32:07 [INFO] 接收到问题: '严重的代谢性碱中毒时,病人出现中枢神经系统功能障碍是由于...' (类型: single)
2026/06/21 17:32:18 [INFO] 问题处理完成 (耗时: 10.68秒)
2026/06/21 17:32:41 [INFO] 接收到问题: '某慢性胃炎患者，因严重呕吐入院，血气分析结果如下：pH 7.5, PaCO2 45mmHg, HCO...' (类型: single)
2026/06/21 17:32:46 [INFO] 问题处理完成 (耗时: 4.95秒)
2026/06/21 17:32:49 [INFO] 接收到问题: '某急性弥漫性肾小球肾炎患者,血气分析结果：pH 7.25，PaCO2 30mmHg，HCO3-16m...' (类型: single)
2026/06/21 17:32:53 [INFO] 问题处理完成 (耗时: 3.19秒)
2026/06/21 17:32:56 [INFO] 接收到问题: '某支气管哮喘患者,血pH 7.25,PaCO2　60 mmol/L,HCO3- 32 mmol/L,...' (类型: single)
2026/06/21 17:33:01 [INFO] 问题处理完成 (耗时: 5.68秒)
2026/06/21 17:33:05 [INFO] 接收到问题: '某糖尿病患者,血气分析结果如下:pH 7.30,PaCO2 35mmHg,HCO3- 16mmol/...' (类型: single)
2026/06/21 17:33:10 [INFO] 问题处理完成 (耗时: 5.09秒)
2026/06/21 17:33:13 [INFO] 接收到问题: '某流感患者，因咳嗽、严重呕吐而入院，血气分析结果：pH7.25,PaCO2 60mmol/L, HC...' (类型: single)
2026/06/21 17:34:01 [INFO] 问题处理完成 (耗时: 48.65秒)
2026/06/21 17:34:25 [INFO] 接收到问题: '缺氧是由于...' (类型: single)
2026/06/21 17:34:28 [INFO] 问题处理完成 (耗时: 2.70秒)
2026/06/21 17:34:31 [INFO] 接收到问题: '影响血氧饱和度的最主要因素是...' (类型: single)
2026/06/21 17:34:34 [INFO] 问题处理完成 (耗时: 3.39秒)
2026/06/21 17:34:37 [INFO] 接收到问题: '正常人进入高原发生缺氧的原因是...' (类型: single)
2026/06/21 17:34:42 [INFO] 问题处理完成 (耗时: 4.21秒)
2026/06/21 17:34:45 [INFO] 接收到问题: '静脉血短路流入动脉可造成...' (类型: single)
2026/06/21 17:34:49 [INFO] 问题处理完成 (耗时: 4.05秒)
2026/06/21 17:35:12 [INFO] 接收到问题: '血液性缺氧时...' (类型: single)
2026/06/21 17:35:16 [INFO] 问题处理完成 (耗时: 3.16秒)
2026/06/21 17:35:19 [INFO] 接收到问题: '下列何种物质可使低铁血红蛋白变成高铁血红蛋白而引起缺氧...' (类型: single)
2026/06/21 17:35:22 [INFO] 问题处理完成 (耗时: 3.77秒)
2026/06/21 17:35:26 [INFO] 接收到问题: '循环性缺氧可由下列何种原因引起...' (类型: single)
2026/06/21 17:35:29 [INFO] 问题处理完成 (耗时: 3.25秒)
2026/06/21 17:35:32 [INFO] 接收到问题: '当氰化物中毒时，不正确的是...' (类型: single)
2026/06/21 17:35:39 [INFO] 问题处理完成 (耗时: 6.72秒)
2026/06/21 17:36:02 [INFO] 接收到问题: '有关发热的描述下列哪项是不正确的...' (类型: single)
2026/06/21 17:36:09 [INFO] 问题处理完成 (耗时: 6.42秒)
2026/06/21 17:36:12 [INFO] 接收到问题: '下列哪种情况可使体温调节中枢的调定点上移...' (类型: single)
2026/06/21 17:36:15 [INFO] 问题处理完成 (耗时: 3.11秒)
2026/06/21 17:36:18 [INFO] 接收到问题: '下列哪种情况下体温升高属于过热...' (类型: single)
2026/06/21 17:36:23 [INFO] 问题处理完成 (耗时: 5.31秒)
2026/06/21 17:36:26 [INFO] 接收到问题: '发热是体温调定点...' (类型: single)
2026/06/21 17:36:28 [INFO] 问题处理完成 (耗时: 1.43秒)
2026/06/21 17:36:52 [INFO] 接收到问题: '外源性致热原的作用部位是...' (类型: single)
2026/06/21 17:36:56 [INFO] 问题处理完成 (耗时: 4.32秒)
2026/06/21 17:36:59 [INFO] 接收到问题: '下述哪项不属于发热激活物...' (类型: single)
2026/06/21 17:37:01 [INFO] 问题处理完成 (耗时: 1.96秒)
2026/06/21 17:37:04 [INFO] 接收到问题: '下述哪种物质不属于内生致热原...' (类型: single)
2026/06/21 17:37:07 [INFO] 问题处理完成 (耗时: 3.04秒)
2026/06/21 17:37:10 [INFO] 接收到问题: '内生致热原的作用部位是...' (类型: single)
2026/06/21 17:37:12 [INFO] 问题处理完成 (耗时: 2.08秒)
2026/06/21 17:37:15 [INFO] 接收到问题: '下述哪种物质属于中枢调节介质...' (类型: single)
2026/06/21 17:37:36 [INFO] 问题处理完成 (耗时: 20.25秒)
2026/06/21 17:38:07 [INFO] 接收到问题: '应激是机体受到各种躯体或心理因素刺激时所产生的一种...' (类型: single)
2026/06/21 17:38:09 [INFO] 问题处理完成 (耗时: 2.98秒)
2026/06/21 17:38:13 [INFO] 接收到问题: '能作为应激原的是...' (类型: single)
2026/06/21 17:38:15 [INFO] 问题处理完成 (耗时: 2.70秒)
2026/06/21 17:38:20 [INFO] 接收到问题: '应激时机体最突出的反应是...' (类型: single)
2026/06/21 17:38:22 [INFO] 问题处理完成 (耗时: 2.36秒)
2026/06/21 17:38:27 [INFO] 接收到问题: '应激时最重要的激素分泌可能是...' (类型: single)
2026/06/21 17:38:29 [INFO] 问题处理完成 (耗时: 2.53秒)
2026/06/21 17:39:00 [INFO] 接收到问题: '蓝斑-交感-肾上肾髓质系统的中枢位点是...' (类型: single)
2026/06/21 17:39:02 [INFO] 问题处理完成 (耗时: 2.51秒)
2026/06/21 17:39:07 [INFO] 接收到问题: '应激时蓝斑-交感-肾上腺髓质系统的外周效应是...' (类型: single)
2026/06/21 17:39:09 [INFO] 问题处理完成 (耗时: 2.61秒)
2026/06/21 17:39:14 [INFO] 接收到问题: '热休克基因的转录活性是通过下列哪项作用而启动的...' (类型: single)
2026/06/21 17:39:19 [INFO] 问题处理完成 (耗时: 5.65秒)
2026/06/21 17:39:24 [INFO] 接收到问题: '下面哪项是有关“分子伴娘”的正确描述...' (类型: single)
2026/06/21 17:39:28 [INFO] 问题处理完成 (耗时: 4.09秒)
2026/06/21 17:39:32 [INFO] 接收到问题: '下面有关急性期反应的描述哪项不正确...' (类型: single)
2026/06/21 17:39:36 [INFO] 问题处理完成 (耗时: 4.83秒)
2026/06/21 17:48:03 [INFO] 接收到问题: '休克的最主要特征是...' (类型: single)
2026/06/21 17:48:08 [INFO] 问题处理完成 (耗时: 4.86秒)
2026/06/21 17:48:11 [INFO] 接收到问题: '高动力型休克和低动力型休克均见于...' (类型: single)
2026/06/21 17:48:14 [INFO] 问题处理完成 (耗时: 2.31秒)
2026/06/21 17:48:17 [INFO] 接收到问题: '快速失血量一般超过机体总血量的多少即可引起失血性休克...' (类型: single)
2026/06/21 17:48:23 [INFO] 问题处理完成 (耗时: 6.49秒)
2026/06/21 17:48:26 [INFO] 接收到问题: '下列哪项不易引起低血容量性休克...' (类型: single)
2026/06/21 17:48:29 [INFO] 问题处理完成 (耗时: 2.15秒)
2026/06/21 17:49:00 [INFO] 接收到问题: '自身输血的作用主要是指...' (类型: single)
2026/06/21 17:49:03 [INFO] 问题处理完成 (耗时: 3.10秒)
2026/06/21 17:49:08 [INFO] 接收到问题: '自身输液的作用主要是指...' (类型: single)
2026/06/21 17:49:11 [INFO] 问题处理完成 (耗时: 3.14秒)
2026/06/21 17:49:16 [INFO] 接收到问题: '休克早期动脉血压变化的特点是...' (类型: single)
2026/06/21 17:49:18 [INFO] 问题处理完成 (耗时: 2.25秒)
2026/06/21 17:49:22 [INFO] 接收到问题: '休克早期血流量基本不变的器官是...' (类型: single)
2026/06/21 17:49:27 [INFO] 问题处理完成 (耗时: 5.13秒)
2026/06/21 17:49:30 [INFO] 接收到问题: '休克早期微循环变化的特征是...' (类型: single)
2026/06/21 17:49:33 [INFO] 问题处理完成 (耗时: 3.70秒)
2026/06/21 17:49:57 [INFO] 接收到问题: '休克期血中儿茶酚胺的含量...' (类型: single)
2026/06/21 17:50:02 [INFO] 问题处理完成 (耗时: 4.72秒)
2026/06/21 17:50:05 [INFO] 接收到问题: '休克时易发生的酸碱失衡类型是...' (类型: single)
2026/06/21 17:50:08 [INFO] 问题处理完成 (耗时: 2.69秒)
2026/06/21 17:50:11 [INFO] 接收到问题: '休克期微循环变化的特征是...' (类型: single)
2026/06/21 17:50:15 [INFO] 问题处理完成 (耗时: 4.20秒)
2026/06/21 17:50:39 [INFO] 接收到问题: '休克时交感-肾上腺髓质系统处于...' (类型: single)
2026/06/21 17:50:41 [INFO] 问题处理完成 (耗时: 2.38秒)
2026/06/21 17:50:44 [INFO] 接收到问题: '休克晚期微循环灌流的特点是...' (类型: single)
2026/06/21 17:50:46 [INFO] 问题处理完成 (耗时: 2.48秒)
2026/06/21 17:51:16 [INFO] 接收到问题: '休克治疗时应遵循的补液原则是...' (类型: single)
2026/06/21 17:51:19 [INFO] 问题处理完成 (耗时: 3.28秒)
2026/06/21 17:51:24 [INFO] 接收到问题: '维持血管活性药物治疗休克的疗效时应注意...' (类型: single)
2026/06/21 17:51:27 [INFO] 问题处理完成 (耗时: 3.23秒)
2026/06/21 17:51:32 [INFO] 接收到问题: '应首选缩血管药物治疗的休克类型是...' (类型: single)
2026/06/21 17:51:35 [INFO] 问题处理完成 (耗时: 3.05秒)
2026/06/21 17:51:40 [INFO] 接收到问题: '较易发生DIC的休克类型是...' (类型: single)
2026/06/21 17:51:43 [INFO] 问题处理完成 (耗时: 3.39秒)
2026/06/21 17:52:22 [INFO] 接收到问题: '下列哪项关于CDK的描述是错误的...' (类型: single)
2026/06/21 17:52:30 [INFO] 问题处理完成 (耗时: 7.98秒)
2026/06/21 17:52:34 [INFO] 接收到问题: '与细胞周期驱动力无直接关系的是...' (类型: single)
2026/06/21 17:52:44 [INFO] 问题处理完成 (耗时: 10.32秒)
2026/06/21 17:52:47 [INFO] 接收到问题: 'G1/S交界处的DNA损伤检查点的作用是...' (类型: single)
2026/06/21 17:52:49 [INFO] 问题处理完成 (耗时: 1.76秒)
2026/06/21 17:52:52 [INFO] 接收到问题: '下列哪项的变化可引起细胞增殖过度...' (类型: single)
2026/06/21 17:52:57 [INFO] 问题处理完成 (耗时: 5.41秒)
2026/06/21 17:53:00 [INFO] 接收到问题: '作为G1/S交界处DNA损伤检查点的分子是...' (类型: single)
2026/06/21 17:53:05 [INFO] 问题处理完成 (耗时: 5.10秒)
2026/06/21 17:53:29 [INFO] 接收到问题: '属于多能干细胞是...' (类型: single)
2026/06/21 17:53:33 [INFO] 问题处理完成 (耗时: 3.56秒)
2026/06/21 17:53:36 [INFO] 接收到问题: '克隆羊“多莉”的诞生说明了细胞分化具有哪种特点...' (类型: single)
2026/06/21 17:53:39 [INFO] 问题处理完成 (耗时: 3.53秒)
2026/06/21 17:53:42 [INFO] 接收到问题: '恶性肿瘤细胞不会发生...' (类型: single)
2026/06/21 17:53:45 [INFO] 问题处理完成 (耗时: 2.92秒)
2026/06/21 17:53:48 [INFO] 接收到问题: '细胞分化的机制是...' (类型: single)
2026/06/21 17:53:52 [INFO] 问题处理完成 (耗时: 3.22秒)
2026/06/21 17:53:55 [INFO] 接收到问题: '恶性肿瘤细胞异常分化的机制...' (类型: multiple)
2026/06/21 17:54:01 [INFO] 问题处理完成 (耗时: 6.09秒)
2026/06/21 17:54:25 [INFO] 接收到问题: '关于细胞凋亡的描述，下列错误的是（）。...' (类型: single)
2026/06/21 17:54:28 [INFO] 问题处理完成 (耗时: 3.01秒)
2026/06/21 17:54:31 [INFO] 接收到问题: '关于细胞凋亡的描述，下列错误的是( )。...' (类型: single)
2026/06/21 17:54:35 [INFO] 问题处理完成 (耗时: 4.73秒)
2026/06/21 17:54:39 [INFO] 接收到问题: '细胞凋亡时核DNA双链发生规律性断裂，形成核小体的片段长度是( )。...' (类型: single)
2026/06/21 17:54:43 [INFO] 问题处理完成 (耗时: 3.99秒)
2026/06/21 17:54:46 [INFO] 接收到问题: '细胞凋亡和坏死的区别，下列叙述不正确的是( )。...' (类型: single)
2026/06/21 17:54:52 [INFO] 问题处理完成 (耗时: 6.29秒)
2026/06/21 17:54:55 [INFO] 接收到问题: '细胞凋亡的生物化学改变不包括( )...' (类型: single)
2026/06/21 17:55:00 [INFO] 问题处理完成 (耗时: 5.02秒)
2026/06/21 17:55:13 [INFO] 接收到问题: '有关细胞调亡的特征下列哪项的叙述是错误的...' (类型: single)
2026/06/21 17:55:19 [INFO] 问题处理完成 (耗时: 5.80秒)
2026/06/21 17:55:22 [INFO] 接收到问题: '细胞凋亡的两个主要执行者是...' (类型: single)
2026/06/21 17:55:25 [INFO] 问题处理完成 (耗时: 2.96秒)
2026/06/21 17:55:28 [INFO] 接收到问题: '下列哪项与凋亡蛋白酶Caspases有关的描述是不正确的...' (类型: single)
2026/06/21 17:55:34 [INFO] 问题处理完成 (耗时: 5.39秒)
2026/06/21 17:55:37 [INFO] 接收到问题: '氧化应激时，线粒体膜通透性转换孔开放可释放...' (类型: single)
2026/06/21 17:55:41 [INFO] 问题处理完成 (耗时: 3.99秒)
2026/06/21 17:55:44 [INFO] 接收到问题: '细胞凋亡不足与过度并存的疾病是...' (类型: single)
2026/06/21 17:55:47 [INFO] 问题处理完成 (耗时: 2.99秒)
2026/06/21 17:56:12 [INFO] 接收到问题: '细胞自噬是将细胞内受损、变性、衰老的蛋白质或细胞器运输到溶酶体并降解的过程。 相关说法正确的时( )...' (类型: single)
2026/06/21 17:56:15 [INFO] 问题处理完成 (耗时: 3.87秒)
2026/06/21 17:56:19 [INFO] 接收到问题: '产生一种外膜蛋白， 导致高尔基体片层结构包裹线粒体形成自噬体， 与溶酶体结合形成“自噬溶酶体， 下列...' (类型: single)
2026/06/21 17:56:23 [INFO] 问题处理完成 (耗时: 4.50秒)
2026/06/21 17:56:26 [INFO] 接收到问题: '细胞自噬是继细胞凋亡后， 当前生命科学最热的研究领域， 细胞自噬是将细胞内受损、变形、衰老的蛋白质或...' (类型: single)
2026/06/21 17:56:31 [INFO] 问题处理完成 (耗时: 4.55秒)
2026/06/21 17:56:41 [INFO] 接收到问题: '下列关于细胞自噬的理解，不正确的是（　　）...' (类型: single)
2026/06/21 17:56:44 [INFO] 问题处理完成 (耗时: 2.95秒)
2026/06/21 17:56:47 [INFO] 接收到问题: '微自噬发生的细胞器是...' (类型: single)
2026/06/21 17:56:50 [INFO] 问题处理完成 (耗时: 2.49秒)
2026/06/21 17:56:53 [INFO] 接收到问题: '细胞自噬时降解的成分不包括...' (类型: single)
2026/06/21 17:56:56 [INFO] 问题处理完成 (耗时: 3.05秒)
2026/06/21 17:56:59 [INFO] 接收到问题: '下列哪项不是细胞自噬发生相关的分子...' (类型: single)
2026/06/21 17:57:02 [INFO] 问题处理完成 (耗时: 3.05秒)
2026/06/21 17:57:48 [INFO] 接收到问题: 'DIC时血液凝血功能失常的特点为...' (类型: single)
2026/06/21 17:57:50 [INFO] 问题处理完成 (耗时: 2.63秒)
2026/06/21 17:57:53 [INFO] 接收到问题: '引起DIC的最常见疾病是...' (类型: single)
2026/06/21 17:57:56 [INFO] 问题处理完成 (耗时: 2.42秒)
2026/06/21 17:57:59 [INFO] 接收到问题: 'DIC发病的关键环节是...' (类型: single)
2026/06/21 17:58:02 [INFO] 问题处理完成 (耗时: 3.15秒)
2026/06/21 17:58:05 [INFO] 接收到问题: '内皮细胞受损，启动内源性凝血途径是通过活化...' (类型: single)
2026/06/21 17:58:08 [INFO] 问题处理完成 (耗时: 2.89秒)
2026/06/21 17:58:11 [INFO] 接收到问题: '宫内死胎主要是通过哪种机制引起DIC...' (类型: single)
2026/06/21 17:58:13 [INFO] 问题处理完成 (耗时: 2.16秒)
2026/06/21 17:58:37 [INFO] 接收到问题: 'DIC时最初的临床表现常为...' (类型: single)
2026/06/21 17:58:39 [INFO] 问题处理完成 (耗时: 2.41秒)
2026/06/21 17:58:42 [INFO] 接收到问题: '下列哪项不是引起DIC出血的直接原因...' (类型: single)
2026/06/21 17:58:45 [INFO] 问题处理完成 (耗时: 2.89秒)
2026/06/21 17:58:48 [INFO] 接收到问题: 'DIC时产生的贫血属于...' (类型: single)
2026/06/21 17:58:54 [INFO] 问题处理完成 (耗时: 5.61秒)
2026/06/21 17:58:57 [INFO] 接收到问题: '下列哪项不是DIC可引起休克的发生机制...' (类型: single)
2026/06/21 17:59:00 [INFO] 问题处理完成 (耗时: 3.43秒)
2026/06/21 17:59:04 [INFO] 接收到问题: '血浆鱼精蛋白副凝试验（3P试验）是检测...' (类型: single)
2026/06/21 17:59:09 [INFO] 问题处理完成 (耗时: 5.27秒)
2026/06/21 17:59:32 [INFO] 接收到问题: '缺血-再灌注损伤是指...' (类型: single)
2026/06/21 17:59:37 [INFO] 问题处理完成 (耗时: 4.56秒)
2026/06/21 17:59:40 [INFO] 接收到问题: '下列哪种情况不会发生缺血-再灌注损伤...' (类型: single)
2026/06/21 17:59:43 [INFO] 问题处理完成 (耗时: 2.95秒)
2026/06/21 17:59:46 [INFO] 接收到问题: '下列哪项是加重缺血-再灌注损伤的条件...' (类型: single)
2026/06/21 17:59:52 [INFO] 问题处理完成 (耗时: 5.57秒)
2026/06/21 17:59:55 [INFO] 接收到问题: '下列哪项不是自由基过氧化膜脂质的表现...' (类型: single)
2026/06/21 17:59:58 [INFO] 问题处理完成 (耗时: 3.22秒)
2026/06/21 18:00:01 [INFO] 接收到问题: '自由基引起缺血-再灌注损伤的表现为...' (类型: single)
2026/06/21 18:00:04 [INFO] 问题处理完成 (耗时: 3.10秒)
2026/06/21 18:00:28 [INFO] 接收到问题: '下列哪种因素是缺血- 再灌注损伤发生的最主要机制...' (类型: single)
2026/06/21 18:00:33 [INFO] 问题处理完成 (耗时: 5.07秒)
2026/06/21 18:00:36 [INFO] 接收到问题: '下列哪项不是缺血-再灌注引起钙超载的机制...' (类型: single)
2026/06/21 18:00:40 [INFO] 问题处理完成 (耗时: 3.63秒)
2026/06/21 18:00:43 [INFO] 接收到问题: '下列哪项不是钙超载导致缺血-再灌注损伤的机制...' (类型: single)
2026/06/21 18:00:50 [INFO] 问题处理完成 (耗时: 7.18秒)
2026/06/21 18:00:53 [INFO] 接收到问题: '引起白细胞增多的主要机制是...' (类型: single)
2026/06/21 18:00:58 [INFO] 问题处理完成 (耗时: 5.12秒)
2026/06/21 18:01:01 [INFO] 接收到问题: '钙超载既是缺血-再灌注的结果，又是缺血-再灌注细胞损伤的原因。...' (类型: judgement)
2026/06/21 18:01:04 [INFO] 问题处理完成 (耗时: 3.07秒)
2026/06/21 18:01:28 [INFO] 接收到问题: '心力衰竭发病的关键环节是...' (类型: single)
2026/06/21 18:01:36 [INFO] 问题处理完成 (耗时: 8.00秒)
2026/06/21 18:01:39 [INFO] 接收到问题: '下述哪项不是心力衰竭的原因...' (类型: single)
2026/06/21 18:01:42 [INFO] 问题处理完成 (耗时: 3.00秒)
2026/06/21 18:01:45 [INFO] 接收到问题: '可导致左心室容量负荷过重的因素是...' (类型: single)
2026/06/21 18:01:48 [INFO] 问题处理完成 (耗时: 3.31秒)
2026/06/21 18:01:52 [INFO] 接收到问题: '下述哪项原因不会导致心脏容量负荷增加...' (类型: single)
2026/06/21 18:01:55 [INFO] 问题处理完成 (耗时: 3.44秒)
2026/06/21 18:01:58 [INFO] 接收到问题: '直接引起心肌损害导致舒缩功能障碍的因素是...' (类型: single)
2026/06/21 18:02:03 [INFO] 问题处理完成 (耗时: 4.48秒)
2026/06/21 18:02:26 [INFO] 接收到问题: '下列哪种情况不属于心力衰竭的诱因...' (类型: single)
2026/06/21 18:02:34 [INFO] 问题处理完成 (耗时: 7.66秒)
2026/06/21 18:02:37 [INFO] 接收到问题: '下列哪项不是室上性心动过速诱发心衰的机制...' (类型: single)
2026/06/21 18:02:40 [INFO] 问题处理完成 (耗时: 3.42秒)
2026/06/21 18:02:43 [INFO] 接收到问题: '过多过快输液诱发心力衰竭发生的机制主要是...' (类型: single)
2026/06/21 18:02:46 [INFO] 问题处理完成 (耗时: 2.37秒)
2026/06/21 18:02:49 [INFO] 接收到问题: '下述哪一因素不会引起低输出量性心力衰竭？...' (类型: single)
2026/06/21 18:02:51 [INFO] 问题处理完成 (耗时: 2.02秒)
2026/06/21 18:02:54 [INFO] 接收到问题: '有关高输出量性心力衰竭特点的描述哪一项是错误的？...' (类型: single)
2026/06/21 18:02:56 [INFO] 问题处理完成 (耗时: 2.39秒)
2026/06/21 18:03:20 [INFO] 接收到问题: '心肌的调节蛋白是...' (类型: single)
2026/06/21 18:03:24 [INFO] 问题处理完成 (耗时: 4.02秒)
2026/06/21 18:03:27 [INFO] 接收到问题: '横桥的主要作用是...' (类型: single)
2026/06/21 18:03:31 [INFO] 问题处理完成 (耗时: 3.44秒)
2026/06/21 18:03:34 [INFO] 接收到问题: '心肌要进行正常的舒缩活动必须具备的条件包括结构功能完整的心肌蛋白质、足够的能量及正常的钙离子转运。（...' (类型: judgement)
2026/06/21 18:03:38 [INFO] 问题处理完成 (耗时: 4.28秒)
2026/06/21 18:04:02 [INFO] 接收到问题: '临床上引起心肌细胞坏死最常见的原因是...' (类型: single)
2026/06/21 18:04:05 [INFO] 问题处理完成 (耗时: 2.82秒)
2026/06/21 18:04:08 [INFO] 接收到问题: '临床上引起心肌能量生成不足的最常见原因是...' (类型: single)
2026/06/21 18:04:11 [INFO] 问题处理完成 (耗时: 3.60秒)
2026/06/21 18:04:14 [INFO] 接收到问题: '心肌细胞对能量利用的关键酶是...' (类型: single)
2026/06/21 18:04:21 [INFO] 问题处理完成 (耗时: 6.78秒)
2026/06/21 18:04:24 [INFO] 接收到问题: '心力衰竭时出现能量利用障碍的最常见原因是...' (类型: single)
2026/06/21 18:04:29 [INFO] 问题处理完成 (耗时: 4.37秒)
2026/06/21 18:04:32 [INFO] 接收到问题: '下述哪一因素不会使心肌的收缩性减弱？...' (类型: single)
2026/06/21 18:04:44 [INFO] 问题处理完成 (耗时: 12.45秒)
2026/06/21 18:04:57 [INFO] 接收到问题: '启动心肌收缩的[Ca2+]的阈值是...' (类型: single)
2026/06/21 18:05:03 [INFO] 问题处理完成 (耗时: 5.13秒)
2026/06/21 18:05:06 [INFO] 接收到问题: '心力衰竭时下列哪项与钙离子内流障碍有关...' (类型: single)
2026/06/21 18:05:09 [INFO] 问题处理完成 (耗时: 3.21秒)
2026/06/21 18:05:12 [INFO] 接收到问题: '心肌从兴奋的电活动转为收缩的机械活动的关键点是...' (类型: single)
2026/06/21 18:05:15 [INFO] 问题处理完成 (耗时: 3.48秒)
2026/06/21 18:05:19 [INFO] 接收到问题: '引起心肌兴奋-收缩耦联障碍的因素有...' (类型: single)
2026/06/21 18:05:22 [INFO] 问题处理完成 (耗时: 2.94秒)
2026/06/21 18:05:25 [INFO] 接收到问题: '下列哪项不是心肌肥大不平衡生长的表现...' (类型: single)
2026/06/21 18:05:28 [INFO] 问题处理完成 (耗时: 3.20秒)
2026/06/21 18:05:52 [INFO] 接收到问题: '心肌收缩完毕后，产生正常舒张的首要因素是...' (类型: single)
2026/06/21 18:05:56 [INFO] 问题处理完成 (耗时: 3.80秒)
2026/06/21 18:05:59 [INFO] 接收到问题: '下述有关心室舒张势能的描述哪一项是错误的？...' (类型: single)
2026/06/21 18:06:04 [INFO] 问题处理完成 (耗时: 4.55秒)
2026/06/21 18:06:07 [INFO] 接收到问题: '下述有关心室顺应性的描述哪项是不正确的？...' (类型: single)
2026/06/21 18:06:12 [INFO] 问题处理完成 (耗时: 4.51秒)
2026/06/21 18:06:15 [INFO] 接收到问题: '破坏心脏舒缩活动协调性最常见的原因是...' (类型: single)
2026/06/21 18:06:17 [INFO] 问题处理完成 (耗时: 2.60秒)
2026/06/21 18:06:41 [INFO] 接收到问题: '心衰患者出现心率加快的机制是...' (类型: single)
2026/06/21 18:06:45 [INFO] 问题处理完成 (耗时: 4.03秒)
2026/06/21 18:06:48 [INFO] 接收到问题: '心脏肌源性扩张的特点是...' (类型: single)
2026/06/21 18:06:53 [INFO] 问题处理完成 (耗时: 4.68秒)
2026/06/21 18:06:56 [INFO] 接收到问题: '心肌向心性肥大的最基本特性是...' (类型: single)
2026/06/21 18:07:01 [INFO] 问题处理完成 (耗时: 5.19秒)
2026/06/21 18:07:04 [INFO] 接收到问题: '心肌离心性肥大的最基本特性是...' (类型: single)
2026/06/21 18:07:07 [INFO] 问题处理完成 (耗时: 2.93秒)
2026/06/21 18:07:10 [INFO] 接收到问题: '急性心力衰竭时下列哪项代偿方式不可能发生...' (类型: single)
2026/06/21 18:07:13 [INFO] 问题处理完成 (耗时: 3.09秒)
2026/06/21 18:07:37 [INFO] 接收到问题: '心衰患者出现端坐呼吸的机制是...' (类型: single)
2026/06/21 18:07:42 [INFO] 问题处理完成 (耗时: 4.80秒)
2026/06/21 18:07:45 [INFO] 接收到问题: '心衰患者出现夜间阵发性呼吸困难，其产生的主要机制是...' (类型: single)
2026/06/21 18:08:04 [INFO] 问题处理完成 (耗时: 18.63秒)
2026/06/21 18:08:07 [INFO] 接收到问题: '左心衰患者出现劳力性呼吸困难的机制是...' (类型: single)
2026/06/21 18:08:32 [INFO] 问题处理完成 (耗时: 25.18秒)
2026/06/21 18:08:35 [INFO] 接收到问题: '右心衰竭不可能出现下面哪些变化...' (类型: single)
2026/06/21 18:08:40 [INFO] 问题处理完成 (耗时: 5.13秒)
2026/06/21 18:08:43 [INFO] 接收到问题: '严重左心衰时患者可以出现颈静脉怒张和肝颈静脉反流征阳性。（  ）...' (类型: judgement)
2026/06/21 18:08:46 [INFO] 问题处理完成 (耗时: 3.17秒)
2026/06/21 18:08:49 [INFO] 接收到问题: '心衰时出现血流重新分布，以保证心、脑的供血。（ ）...' (类型: judgement)
2026/06/21 18:08:55 [INFO] 问题处理完成 (耗时: 5.09秒)
2026/06/21 18:09:18 [INFO] 接收到问题: '使用血管紧张素转换酶抑制剂治疗心力衰竭的病理生理基础错误的是...' (类型: single)
2026/06/21 18:09:21 [INFO] 问题处理完成 (耗时: 2.65秒)
2026/06/21 18:09:24 [INFO] 接收到问题: '现今心力衰竭治疗的主要目标是抑制神经-体液系统的过度激活，防止和延缓心肌重塑的发展。（  ）...' (类型: judgement)
2026/06/21 18:09:28 [INFO] 问题处理完成 (耗时: 3.59秒)
2026/06/21 18:09:51 [INFO] 接收到问题: '呼吸衰竭的发生原因是指...' (类型: single)
2026/06/21 18:09:54 [INFO] 问题处理完成 (耗时: 2.47秒)
2026/06/21 18:09:57 [INFO] 接收到问题: '下列哪项对呼吸衰竭的描述不正确...' (类型: single)
2026/06/21 18:09:59 [INFO] 问题处理完成 (耗时: 2.39秒)
2026/06/21 18:10:02 [INFO] 接收到问题: '呼吸衰竭血气诊断标准为...' (类型: single)
2026/06/21 18:10:05 [INFO] 问题处理完成 (耗时: 2.97秒)
2026/06/21 18:10:08 [INFO] 接收到问题: '下列哪种血气分析结果提示患者存在Ⅰ型呼吸衰竭?...' (类型: single)
2026/06/21 18:10:19 [INFO] 问题处理完成 (耗时: 11.07秒)
2026/06/21 18:10:23 [INFO] 接收到问题: '根据动脉血气分析结果，呼吸衰竭可分为Ⅰ型和Ⅱ型，其主要区别在于（）...' (类型: single)
2026/06/21 18:10:27 [INFO] 问题处理完成 (耗时: 4.36秒)
2026/06/21 18:10:30 [INFO] 接收到问题: '慢性阻塞性肺气肿患者发生呼吸衰竭时，正确的氧疗方法是(   )...' (类型: single)
2026/06/21 18:10:40 [INFO] 问题处理完成 (耗时: 9.65秒)
2026/06/21 18:11:03 [INFO] 接收到问题: '【共用选项题】以下是关于限制性通气不足的病因及机制描述，请根据问题选择正确选项。...' (类型: unknown)
2026/06/21 18:11:23 [INFO] 问题处理完成 (耗时: 19.84秒)
2026/06/21 18:11:26 [INFO] 接收到问题: '【共用选项题】请根据临床案例选择患者发生呼吸困难最可能的机制...' (类型: unknown)
2026/06/21 18:11:30 [INFO] 问题处理完成 (耗时: 3.71秒)
2026/06/21 18:11:33 [INFO] 接收到问题: '下列哪项可以引起限制性通气不足？...' (类型: single)
2026/06/21 18:11:36 [INFO] 问题处理完成 (耗时: 3.25秒)
2026/06/21 18:11:39 [INFO] 接收到问题: '下列哪项不是引起限制性通气功能障碍的疾病...' (类型: single)
2026/06/21 18:11:43 [INFO] 问题处理完成 (耗时: 3.42秒)
2026/06/21 18:11:46 [INFO] 接收到问题: '肺泡在吸气时不易扩张是由于...' (类型: single)
2026/06/21 18:11:51 [INFO] 问题处理完成 (耗时: 4.58秒)
2026/06/21 18:11:54 [INFO] 接收到问题: '以下哪种情况主要通过降低肺顺应性导致限制性通气不足？...' (类型: single)
2026/06/21 18:11:58 [INFO] 问题处理完成 (耗时: 4.20秒)
2026/06/21 18:12:01 [INFO] 接收到问题: '单纯限制性通气不足早期，血气分析最可能出现的变化是？...' (类型: single)
2026/06/21 18:12:11 [INFO] 问题处理完成 (耗时: 9.78秒)
2026/06/21 18:12:14 [INFO] 接收到问题: '下列哪种情况可导致肺顺应性降低，从而引起限制性通气不足？...' (类型: single)
2026/06/21 18:12:17 [INFO] 问题处理完成 (耗时: 3.05秒)
2026/06/21 18:12:20 [INFO] 接收到问题: '大量胸腔积液引起的呼衰一定是Ⅰ型呼衰。（ ）...' (类型: judgement)
2026/06/21 18:12:24 [INFO] 问题处理完成 (耗时: 3.55秒)
2026/06/21 18:12:44 [INFO] 接收到问题: '【共用选项题】患者男性，65岁，慢性咳嗽、咳痰20年，进行性呼吸困难5年，加重伴发绀1周。血气分析：...' (类型: unknown)
2026/06/21 18:12:48 [INFO] 问题处理完成 (耗时: 3.45秒)
2026/06/21 18:12:53 [INFO] 接收到问题: '【共用选项题】以下关于阻塞性通气不足的描述，请根据所学知识选择正确答案...' (类型: unknown)
2026/06/21 18:12:58 [INFO] 问题处理完成 (耗时: 5.99秒)
2026/06/21 18:13:03 [INFO] 接收到问题: '慢性支气管炎患者易产生呼气性呼吸困难的主要机制是...' (类型: single)
2026/06/21 18:13:08 [INFO] 问题处理完成 (耗时: 5.62秒)
2026/06/21 18:13:11 [INFO] 接收到问题: '某声带严重炎性水肿的患者，最可能出现的呼吸运动改变时...' (类型: single)
2026/06/21 18:13:15 [INFO] 问题处理完成 (耗时: 3.43秒)
2026/06/21 18:21:10 [INFO] 正在启动 AI题库服务...
2026/06/21 18:21:10 [INFO] 缓存功能已启用，已从 cache.json 加载持久化缓存，失效时间: 86400秒
2026/06/21 18:21:10 [INFO] 服务运行于: http://0.0.0.0:5000
2026/06/21 20:05:33 [INFO] 正在启动 AI题库服务...
2026/06/21 20:05:33 [INFO] 缓存功能已启用，已从 cache.json 加载持久化缓存，失效时间: 86400秒
2026/06/21 20:05:33 [INFO] 服务运行于: http://0.0.0.0:5000
2026/06/21 20:09:00 [INFO] 正在启动 AI题库服务...
2026/06/21 20:09:00 [INFO] 缓存功能已启用，已从 cache.json 加载持久化缓存，失效时间: 86400秒
2026/06/21 20:09:00 [INFO] 服务运行于: http://0.0.0.0:5000
2026/06/21 20:09:17 [INFO] 接收到问题: '【共用选项题】患者男性，65岁，慢性咳嗽、咳痰20年，进行性呼吸困难5年，加重伴发绀1周。血气分析：...' (类型: unknown)
2026/06/21 20:09:17 [INFO] 从缓存获取答案 (耗时: 0.00秒)
2026/06/21 20:09:20 [INFO] 接收到问题: '【共用选项题】以下关于阻塞性通气不足的描述，请根据所学知识选择正确答案...' (类型: unknown)
2026/06/21 20:09:20 [INFO] 从缓存获取答案 (耗时: 0.00秒)
2026/06/21 20:09:23 [INFO] 接收到问题: '下列降项属于阻塞性通气功能障碍...' (类型: single)
2026/06/21 20:09:27 [INFO] 问题处理完成 (耗时: 3.50秒)
2026/06/21 20:09:30 [INFO] 接收到问题: '胸外中央型气道阻塞可发生...' (类型: single)
2026/06/21 20:09:32 [INFO] 问题处理完成 (耗时: 1.92秒)
2026/06/21 20:09:36 [INFO] 接收到问题: '单纯阻塞性通气不足早期，血气分析结果最可能是（ ）...' (类型: single)
2026/06/21 20:09:44 [INFO] 问题处理完成 (耗时: 8.19秒)
2026/06/21 20:10:11 [INFO] 接收到问题: '【共用选项题】患者因呼吸衰竭就诊，肺功能检查提示存在减散障碍，请结合病例分析相关机制。...' (类型: unknown)
2026/06/21 20:10:16 [INFO] 问题处理完成 (耗时: 5.24秒)
2026/06/21 20:10:21 [INFO] 接收到问题: '【共用选项题】关于减散障碍引起的呼吸衰竭，选择正确描述...' (类型: unknown)
2026/06/21 20:10:27 [INFO] 问题处理完成 (耗时: 6.30秒)
2026/06/21 20:10:32 [INFO] 接收到问题: '一般情况下，下列哪项血气变化不会出现在肺减散障碍时？...' (类型: single)
2026/06/21 20:10:35 [INFO] 问题处理完成 (耗时: 3.05秒)
2026/06/21 20:10:40 [INFO] 接收到问题: '肺内减散障碍产生的原因是...' (类型: single)
2026/06/21 20:10:57 [INFO] 问题处理完成 (耗时: 17.46秒)
2026/06/21 20:11:02 [INFO] 接收到问题: '减散障碍与下列哪项无关...' (类型: single)
2026/06/21 20:11:06 [INFO] 问题处理完成 (耗时: 4.98秒)
2026/06/21 20:11:12 [INFO] 接收到问题: '下列哪种情况导致的呼吸衰竭主要机制是减散障碍？...' (类型: single)
2026/06/21 20:11:15 [INFO] 问题处理完成 (耗时: 3.16秒)
2026/06/21 20:11:20 [INFO] 接收到问题: '肺泡膜病变的患者在静息时一般不会出现血气异常。...' (类型: judgement)
2026/06/21 20:11:24 [INFO] 问题处理完成 (耗时: 4.47秒)
2026/06/21 20:11:53 [INFO] 接收到问题: '【共用选项题】请根据题意选择正确答案。...' (类型: unknown)
2026/06/21 20:11:58 [INFO] 问题处理完成 (耗时: 5.71秒)
2026/06/21 20:12:03 [INFO] 接收到问题: '【共用选项题】患者，女，45岁，进行性呼吸困难2周，肺动脉CT提示肺动脉炎，动脉血气分析显示I型呼吸...' (类型: unknown)
2026/06/21 20:12:09 [INFO] 问题处理完成 (耗时: 6.60秒)
2026/06/21 20:12:14 [INFO] 接收到问题: '患者，女性，55岁，慢性支气管炎病史15年，近日出现发热、咳嗽加重，咳黄脓痰，呼吸困难。查体：双肺呼...' (类型: single)
2026/06/21 20:12:18 [INFO] 问题处理完成 (耗时: 4.97秒)
2026/06/21 20:12:24 [INFO] 接收到问题: '女性患者，48岁，因急性肺栓塞入院，血压85/55mmHg，心率125次/分，血气分析示PaO₂ 4...' (类型: single)
2026/06/21 20:12:26 [INFO] 问题处理完成 (耗时: 2.87秒)
2026/06/21 20:12:31 [INFO] 接收到问题: '功能性分流可见于...' (类型: single)
2026/06/21 20:12:36 [INFO] 问题处理完成 (耗时: 5.81秒)
2026/06/21 20:12:41 [INFO] 接收到问题: '下列有关V/Q比值失调的叙述哪项是不正确的...' (类型: single)
2026/06/21 20:12:44 [INFO] 问题处理完成 (耗时: 3.60秒)
2026/06/21 20:12:49 [INFO] 接收到问题: '死腔样通气可见于...' (类型: single)
2026/06/21 20:12:53 [INFO] 问题处理完成 (耗时: 4.69秒)
2026/06/21 20:12:58 [INFO] 接收到问题: '肺内功能性分流是指...' (类型: single)
2026/06/21 20:13:00 [INFO] 问题处理完成 (耗时: 2.48秒)
2026/06/21 20:13:35 [INFO] 接收到问题: '下列哪种情况不常出现真性分流？...' (类型: single)
2026/06/21 20:13:41 [INFO] 问题处理完成 (耗时: 6.20秒)
2026/06/21 20:13:44 [INFO] 接收到问题: '某患者的动脉血氧分压差为50mmHg，经吸纯氧15分钟后，此项指标变化不大，可考虑为以下那种改变：...' (类型: single)
2026/06/21 20:13:48 [INFO] 问题处理完成 (耗时: 3.48秒)
2026/06/21 20:13:51 [INFO] 接收到问题: '解剖分流与功能性分流的根本区别是前者病变肺泡仍尚存部分气体交换功能，而后者则是完全丧失通气功能。...' (类型: judgement)
2026/06/21 20:13:53 [INFO] 问题处理完成 (耗时: 2.10秒)
2026/06/21 20:14:17 [INFO] 接收到问题: '【共用选项题】患者，男性，45岁，因车祸导致肺挫伤，入院第3天出现呼吸困难，双肺听诊可闻及广泛湿啰音...' (类型: unknown)
2026/06/21 20:14:25 [INFO] 问题处理完成 (耗时: 7.67秒)
2026/06/21 20:14:28 [INFO] 接收到问题: '成人呼吸窘迫综合症(ARDS)引起肺水肿的主要机制是...' (类型: single)
2026/06/21 20:14:31 [INFO] 问题处理完成 (耗时: 2.63秒)
2026/06/21 20:14:41 [INFO] 接收到问题: '【共用选项题】以下是关于限制性通气不足的病因及机制描述，请根据问题选择正确选项。...' (类型: unknown)
2026/06/21 20:14:41 [INFO] 从缓存获取答案 (耗时: 0.00秒)
2026/06/21 20:14:44 [INFO] 接收到问题: '【共用选项题】请根据临床案例选择患者发生呼吸困难最可能的机制...' (类型: unknown)
2026/06/21 20:14:44 [INFO] 从缓存获取答案 (耗时: 0.00秒)
2026/06/21 20:15:07 [INFO] 接收到问题: '【共用选项题】患者男性，65岁，慢性咳嗽、咳痰20年，进行性呼吸困难5年，加重伴发绀1周。血气分析：...' (类型: unknown)
2026/06/21 20:15:07 [INFO] 从缓存获取答案 (耗时: 0.00秒)
2026/06/21 20:15:10 [INFO] 接收到问题: '【共用选项题】以下关于阻塞性通气不足的描述，请根据所学知识选择正确答案...' (类型: unknown)
2026/06/21 20:15:10 [INFO] 从缓存获取答案 (耗时: 0.00秒)
2026/06/21 20:15:32 [INFO] 接收到问题: '【共用选项题】患者因呼吸衰竭就诊，肺功能检查提示存在减散障碍，请结合病例分析相关机制。...' (类型: unknown)
2026/06/21 20:15:32 [INFO] 从缓存获取答案 (耗时: 0.00秒)
2026/06/21 20:15:35 [INFO] 接收到问题: '【共用选项题】关于减散障碍引起的呼吸衰竭，选择正确描述...' (类型: unknown)
2026/06/21 20:15:35 [INFO] 从缓存获取答案 (耗时: 0.00秒)
2026/06/21 20:15:57 [INFO] 接收到问题: '【共用选项题】请根据题意选择正确答案。...' (类型: unknown)
2026/06/21 20:15:57 [INFO] 从缓存获取答案 (耗时: 0.00秒)
2026/06/21 20:16:00 [INFO] 接收到问题: '【共用选项题】患者，女，45岁，进行性呼吸困难2周，肺动脉CT提示肺动脉炎，动脉血气分析显示I型呼吸...' (类型: unknown)
2026/06/21 20:16:00 [INFO] 从缓存获取答案 (耗时: 0.00秒)
2026/06/21 20:16:22 [INFO] 接收到问题: '【共用选项题】患者，男性，45岁，因车祸导致肺挫伤，入院第3天出现呼吸困难，双肺听诊可闻及广泛湿啰音...' (类型: unknown)
2026/06/21 20:16:22 [INFO] 从缓存获取答案 (耗时: 0.00秒)
2026/06/21 20:16:25 [INFO] 接收到问题: '成人呼吸窘迫综合症(ARDS)引起肺水肿的主要机制是...' (类型: single)
2026/06/21 20:16:25 [INFO] 从缓存获取答案 (耗时: 0.00秒)
2026/06/21 20:16:28 [INFO] 接收到问题: '成人呼吸窘迫综合症（ARDS）时产生死腔样通气的原因是...' (类型: single)
2026/06/21 20:16:33 [INFO] 问题处理完成 (耗时: 4.37秒)
2026/06/21 20:16:36 [INFO] 接收到问题: '成人呼吸窘迫综合征的基本发病环节是...' (类型: single)
2026/06/21 20:16:39 [INFO] 问题处理完成 (耗时: 3.01秒)
2026/06/21 20:16:42 [INFO] 接收到问题: '在ARDS的发生机制中，下列哪种细胞起了最重要的作用...' (类型: single)
2026/06/21 20:16:46 [INFO] 问题处理完成 (耗时: 4.16秒)
2026/06/21 20:16:49 [INFO] 接收到问题: 'ARDS发生呼吸衰竭的主要机制是...' (类型: single)
2026/06/21 20:16:54 [INFO] 问题处理完成 (耗时: 4.93秒)
2026/06/21 20:16:57 [INFO] 接收到问题: '下列哪种情况最可能导致Ⅰ型呼吸衰竭（）...' (类型: single)
2026/06/21 20:17:02 [INFO] 问题处理完成 (耗时: 4.71秒)
2026/06/21 20:17:05 [INFO] 接收到问题: '关于急性呼吸窘迫综合征（ARDS）导致呼吸衰竭的机制，下列哪项描述最准确？...' (类型: single)
2026/06/21 20:17:08 [INFO] 问题处理完成 (耗时: 2.88秒)
2026/06/21 20:17:32 [INFO] 接收到问题: '呼吸衰竭最常引起的酸碱平衡紊乱是...' (类型: single)
2026/06/21 20:17:40 [INFO] 问题处理完成 (耗时: 7.41秒)
2026/06/21 20:17:43 [INFO] 接收到问题: '呼吸衰竭导致机体各系统功能代谢改变的始发因素是...' (类型: single)
2026/06/21 20:17:45 [INFO] 问题处理完成 (耗时: 2.15秒)
2026/06/21 20:17:48 [INFO] 接收到问题: '下列哪项与肺性脑病的发生无关...' (类型: single)
2026/06/21 20:17:52 [INFO] 问题处理完成 (耗时: 4.05秒)
2026/06/21 20:17:55 [INFO] 接收到问题: '有缺氧伴CO2潴留的呼吸衰竭患者不能用高浓度吸氧，是因为...' (类型: single)
2026/06/21 20:17:58 [INFO] 问题处理完成 (耗时: 3.03秒)
2026/06/21 20:18:01 [INFO] 接收到问题: '下列哪种情况可引起Ⅱ型呼吸衰竭...' (类型: single)
2026/06/21 20:18:04 [INFO] 问题处理完成 (耗时: 3.15秒)
2026/06/21 20:18:08 [INFO] 接收到问题: '慢性肺气肿引起的缺氧属于(   )...' (类型: single)
2026/06/21 20:18:11 [INFO] 问题处理完成 (耗时: 3.15秒)
2026/06/21 20:18:14 [INFO] 接收到问题: '呼吸衰竭伴发右心衰竭最主要的机制是(   )...' (类型: single)
2026/06/21 20:18:20 [INFO] 问题处理完成 (耗时: 6.08秒)
2026/06/21 20:18:44 [INFO] 接收到问题: '肝细胞损伤导致的肝功能障碍不包括...' (类型: single)
2026/06/21 20:18:50 [INFO] 问题处理完成 (耗时: 6.17秒)
2026/06/21 20:18:53 [INFO] 接收到问题: '肝功能不全是指...' (类型: single)
2026/06/21 20:18:58 [INFO] 问题处理完成 (耗时: 4.87秒)
2026/06/21 20:19:01 [INFO] 接收到问题: '肝功能障碍时容易出血的原因是...' (类型: single)
2026/06/21 20:19:06 [INFO] 问题处理完成 (耗时: 4.56秒)
2026/06/21 20:19:09 [INFO] 接收到问题: '肝功能不全时，与出现小动脉扩张有关的是...' (类型: single)
2026/06/21 20:19:13 [INFO] 问题处理完成 (耗时: 4.62秒)
2026/06/21 20:19:17 [INFO] 接收到问题: '引起肝性腹水的全身性因素包括...' (类型: multiple)
2026/06/21 20:19:25 [INFO] 问题处理完成 (耗时: 8.22秒)
2026/06/21 20:19:28 [INFO] 接收到问题: '肝功能不全引起低钾血症的主要原因是醛固酮增加。 (   )...' (类型: judgement)
2026/06/21 20:19:30 [INFO] 问题处理完成 (耗时: 2.48秒)
2026/06/21 20:19:54 [INFO] 接收到问题: '肝性脑病是指...' (类型: single)
2026/06/21 20:19:57 [INFO] 问题处理完成 (耗时: 2.32秒)
2026/06/21 20:20:00 [INFO] 接收到问题: '肝性脑病患者可出现...' (类型: multiple)
2026/06/21 20:20:06 [INFO] 问题处理完成 (耗时: 6.28秒)
2026/06/21 20:20:30 [INFO] 接收到问题: '肝性脑病时血氨增高的主要原因是...' (类型: single)
2026/06/21 20:20:36 [INFO] 问题处理完成 (耗时: 6.68秒)
2026/06/21 20:20:40 [INFO] 接收到问题: '氨对脑组织的毒性作用是...' (类型: single)
2026/06/21 20:20:44 [INFO] 问题处理完成 (耗时: 4.88秒)
2026/06/21 20:20:48 [INFO] 接收到问题: '脑组织内氨浓度增多不会导致下列哪项改变...' (类型: single)
2026/06/21 20:21:11 [INFO] 问题处理完成 (耗时: 23.30秒)
2026/06/21 20:21:14 [INFO] 接收到问题: '血氨升高使脑组织能量代谢障碍的机制为...' (类型: multiple)
2026/06/21 20:21:29 [INFO] 问题处理完成 (耗时: 15.13秒)
2026/06/21 20:21:53 [INFO] 接收到问题: '肝性脑病的假性神经递质学说中的假性神经递质是...' (类型: single)
2026/06/21 20:21:58 [INFO] 问题处理完成 (耗时: 4.28秒)
2026/06/21 20:22:01 [INFO] 接收到问题: '假性神经递质的毒性作用是...' (类型: single)
2026/06/21 20:22:05 [INFO] 问题处理完成 (耗时: 4.16秒)
2026/06/21 20:22:08 [INFO] 接收到问题: '肝性脑病用左旋多巴治疗的直接作用是...' (类型: single)
2026/06/21 20:22:11 [INFO] 问题处理完成 (耗时: 3.33秒)
2026/06/21 20:22:35 [INFO] 接收到问题: '肝性脑病病人血浆氨基酸比例失调可表现为：...' (类型: single)
2026/06/21 20:22:40 [INFO] 问题处理完成 (耗时: 5.30秒)
2026/06/21 20:22:43 [INFO] 接收到问题: '肝性脑病患者血液中的芳香族氨基酸含量增多的毒性影响是使...' (类型: single)
2026/06/21 20:22:47 [INFO] 问题处理完成 (耗时: 3.47秒)
2026/06/21 20:22:51 [INFO] 接收到问题: '肝功能障碍时，血中胰岛素和胰高血糖素浓度表现为...' (类型: single)
2026/06/21 20:22:57 [INFO] 问题处理完成 (耗时: 6.22秒)
2026/06/21 20:23:02 [INFO] 接收到问题: '血中芳香族氨基酸增多可引起脑内...' (类型: multiple)
2026/06/21 20:23:06 [INFO] 问题处理完成 (耗时: 4.97秒)
2026/06/21 20:23:38 [INFO] 接收到问题: 'γ-氨基丁酸发挥突触后抑制作用的机制是由于...' (类型: single)
2026/06/21 20:23:41 [INFO] 问题处理完成 (耗时: 3.63秒)
2026/06/21 20:23:46 [INFO] 接收到问题: '关于GABA的叙述正确的是...' (类型: multiple)
2026/06/21 20:23:51 [INFO] 问题处理完成 (耗时: 5.85秒)
2026/06/21 20:28:21 [INFO] 接收到问题: '下述哪一因素不会使肝性脑病时脑对神经毒质敏感性增高？...' (类型: single)
2026/06/21 20:28:25 [INFO] 问题处理完成 (耗时: 3.97秒)
2026/06/21 20:28:28 [INFO] 接收到问题: '下列治疗肝性脑病的措施中哪一项不妥当...' (类型: single)
2026/06/21 20:28:32 [INFO] 问题处理完成 (耗时: 4.03秒)
2026/06/21 20:28:36 [INFO] 接收到问题: '肝性脑病用口服新霉素治疗的直接作用是...' (类型: single)
2026/06/21 20:28:40 [INFO] 问题处理完成 (耗时: 4.31秒)
2026/06/21 20:28:45 [INFO] 接收到问题: '肝硬化病人血氨增高的常见诱因是...' (类型: single)
2026/06/21 20:28:48 [INFO] 问题处理完成 (耗时: 3.58秒)
2026/06/21 20:28:53 [INFO] 接收到问题: '肝性脑病患者口服乳果糖可以使肠道pH降低，减少肠道产氨，但不利于氨的排出。(   )...' (类型: judgement)
2026/06/21 20:28:56 [INFO] 问题处理完成 (耗时: 3.63秒)
2026/06/21 20:29:27 [INFO] 接收到问题: '可能与肝肾综合征患者肾血管收缩的因素有...' (类型: multiple)
2026/06/21 20:29:32 [INFO] 问题处理完成 (耗时: 5.30秒)
2026/06/21 20:29:36 [INFO] 接收到问题: '肝肾综合征时，继发于肝功能衰竭基础上的肾功能衰竭多数是可逆性。(   )...' (类型: judgement)
2026/06/21 20:29:40 [INFO] 问题处理完成 (耗时: 4.37秒)
2026/06/21 20:39:32 [INFO] 接收到问题: '【共用选项题】以下是关于限制性通气不足的病因及机制描述，请根据问题选择正确选项。...' (类型: unknown)
2026/06/21 20:39:32 [INFO] 从缓存获取答案 (耗时: 0.00秒)
2026/06/21 20:39:36 [INFO] 接收到问题: '【共用选项题】请根据临床案例选择患者发生呼吸困难最可能的机制...' (类型: unknown)
2026/06/21 20:39:36 [INFO] 从缓存获取答案 (耗时: 0.00秒)
2026/06/21 20:40:03 [INFO] 接收到问题: '【共用选项题】患者男性，65岁，慢性咳嗽、咳痰20年，进行性呼吸困难5年，加重伴发绀1周。血气分析：...' (类型: unknown)
2026/06/21 20:40:03 [INFO] 从缓存获取答案 (耗时: 0.00秒)
2026/06/21 20:40:07 [INFO] 接收到问题: '【共用选项题】以下关于阻塞性通气不足的描述，请根据所学知识选择正确答案...' (类型: unknown)
2026/06/21 20:40:07 [INFO] 从缓存获取答案 (耗时: 0.00秒)
2026/06/21 20:40:34 [INFO] 接收到问题: '【共用选项题】患者因呼吸衰竭就诊，肺功能检查提示存在减散障碍，请结合病例分析相关机制。...' (类型: unknown)
2026/06/21 20:40:34 [INFO] 从缓存获取答案 (耗时: 0.00秒)
2026/06/21 20:40:37 [INFO] 接收到问题: '【共用选项题】关于减散障碍引起的呼吸衰竭，选择正确描述...' (类型: unknown)
2026/06/21 20:40:37 [INFO] 从缓存获取答案 (耗时: 0.00秒)
2026/06/21 20:40:59 [INFO] 接收到问题: '【共用选项题】请根据题意选择正确答案。...' (类型: unknown)
2026/06/21 20:40:59 [INFO] 从缓存获取答案 (耗时: 0.00秒)
2026/06/21 20:41:02 [INFO] 接收到问题: '【共用选项题】患者，女，45岁，进行性呼吸困难2周，肺动脉CT提示肺动脉炎，动脉血气分析显示I型呼吸...' (类型: unknown)
2026/06/21 20:41:02 [INFO] 从缓存获取答案 (耗时: 0.00秒)
2026/06/21 20:52:58 [INFO] 接收到问题: '急性肾功能不全发病的中心环节是：...' (类型: single)
2026/06/21 20:53:02 [INFO] 问题处理完成 (耗时: 4.87秒)
2026/06/21 20:53:07 [INFO] 接收到问题: '引起肾前性急性肾功能不全的原因是:...' (类型: single)
2026/06/21 20:53:10 [INFO] 问题处理完成 (耗时: 3.42秒)
2026/06/21 20:53:22 [INFO] 接收到问题: '严重前列腺肥大会引起:...' (类型: single)
2026/06/21 20:53:27 [INFO] 问题处理完成 (耗时: 5.62秒)
2026/06/21 20:53:32 [INFO] 接收到问题: '休克晚期常发生：...' (类型: single)
2026/06/21 20:53:37 [INFO] 问题处理完成 (耗时: 5.72秒)
2026/06/21 20:53:42 [INFO] 接收到问题: '肾毒物作用引起的急性肾功能衰竭时肾脏损害的突出表现...' (类型: single)
2026/06/21 20:53:45 [INFO] 问题处理完成 (耗时: 3.47秒)
2026/06/21 20:53:50 [INFO] 接收到问题: '少尿是指：...' (类型: single)
2026/06/21 20:53:58 [INFO] 问题处理完成 (耗时: 8.70秒)
